> Task :compileJava UP-TO-DATE
> Task :processResources UP-TO-DATE
> Task :classes UP-TO-DATE
> Task :resolveMainClassName UP-TO-DATE

> Task :bootRun

  .   ____          _            __ _ _
 /\\ / ___'_ __ _ _(_)_ __  __ _ \ \ \ \
( ( )\___ | '_ | '_| | '_ \/ _` | \ \ \ \
 \\/  ___)| |_)| | | | | || (_| |  ) ) ) )
  '  |____| .__|_| |_|_| |_\__, | / / / /
 =========|_|==============|___/=/_/_/_/

 :: Spring Boot ::                (v3.5.6)

2025-10-26T15:37:49.347+09:00  INFO 41703 --- [           main] m.p.springdotenv.DotenvPropertySource    : Initializing Dotenv with DotenvConfig{directory=null, filename=null, ignoreIfMalformed=false, ignoreIfMissing=true, systemProperties=false, prefix=null}
2025-10-26T15:37:49.356+09:00  INFO 41703 --- [           main] c.e.a.AnonymousBoardApplication          : Starting AnonymousBoardApplication using Java 17.0.14 with PID 41703 (/Users/mac/Desktop/anonymous-board/build/classes/java/main started by mac in /Users/mac/Desktop/anonymous-board)
2025-10-26T15:37:49.357+09:00  INFO 41703 --- [           main] c.e.a.AnonymousBoardApplication          : The following 1 profile is active: "dev"
2025-10-26T15:37:49.673+09:00  INFO 41703 --- [           main] .s.d.r.c.RepositoryConfigurationDelegate : Bootstrapping Spring Data JPA repositories in DEFAULT mode.
2025-10-26T15:37:49.697+09:00  INFO 41703 --- [           main] .s.d.r.c.RepositoryConfigurationDelegate : Finished Spring Data repository scanning in 20 ms. Found 5 JPA repository interfaces.
2025-10-26T15:37:49.921+09:00  INFO 41703 --- [           main] o.s.b.w.embedded.tomcat.TomcatWebServer  : Tomcat initialized with port 8080 (http)
2025-10-26T15:37:49.926+09:00  INFO 41703 --- [           main] o.apache.catalina.core.StandardService   : Starting service [Tomcat]
2025-10-26T15:37:49.926+09:00  INFO 41703 --- [           main] o.apache.catalina.core.StandardEngine    : Starting Servlet engine: [Apache Tomcat/10.1.46]
2025-10-26T15:37:49.947+09:00  INFO 41703 --- [           main] o.a.c.c.C.[Tomcat].[localhost].[/]       : Initializing Spring embedded WebApplicationContext
2025-10-26T15:37:49.947+09:00  INFO 41703 --- [           main] w.s.c.ServletWebServerApplicationContext : Root WebApplicationContext: initialization completed in 575 ms
2025-10-26T15:37:50.019+09:00  INFO 41703 --- [           main] o.hibernate.jpa.internal.util.LogHelper  : HHH000204: Processing PersistenceUnitInfo [name: default]
2025-10-26T15:37:50.033+09:00  INFO 41703 --- [           main] org.hibernate.Version                    : HHH000412: Hibernate ORM core version 6.6.29.Final
2025-10-26T15:37:50.048+09:00  INFO 41703 --- [           main] o.h.c.internal.RegionFactoryInitiator    : HHH000026: Second-level cache disabled
2025-10-26T15:37:50.139+09:00  INFO 41703 --- [           main] o.s.o.j.p.SpringPersistenceUnitInfo      : No LoadTimeWeaver setup: ignoring JPA class transformer
2025-10-26T15:37:50.148+09:00  INFO 41703 --- [           main] com.zaxxer.hikari.HikariDataSource       : HikariPool-1 - Starting...
2025-10-26T15:37:50.262+09:00  INFO 41703 --- [           main] com.zaxxer.hikari.pool.HikariPool        : HikariPool-1 - Added connection com.mysql.cj.jdbc.ConnectionImpl@1a66be41
2025-10-26T15:37:50.263+09:00  INFO 41703 --- [           main] com.zaxxer.hikari.HikariDataSource       : HikariPool-1 - Start completed.
2025-10-26T15:37:50.297+09:00  INFO 41703 --- [           main] org.hibernate.orm.connections.pooling    : HHH10001005: Database info:
	Database JDBC URL [Connecting through datasource 'HikariDataSource (HikariPool-1)']
	Database driver: undefined/unknown
	Database version: 9.0.1
	Autocommit mode: undefined/unknown
	Isolation level: undefined/unknown
	Minimum pool size: undefined/unknown
	Maximum pool size: undefined/unknown
2025-10-26T15:37:50.300+09:00 DEBUG 41703 --- [           main] o.h.t.d.sql.spi.DdlTypeRegistry          : addDescriptor(12, org.hibernate.type.descriptor.sql.internal.CapacityDependentDdlType@1214c98b) replaced previous registration(org.hibernate.type.descriptor.sql.internal.CapacityDependentDdlType@6ab50d1c)
2025-10-26T15:37:50.300+09:00 DEBUG 41703 --- [           main] o.h.t.d.sql.spi.DdlTypeRegistry          : addDescriptor(-9, org.hibernate.type.descriptor.sql.internal.CapacityDependentDdlType@6e0d058a) replaced previous registration(org.hibernate.type.descriptor.sql.internal.CapacityDependentDdlType@3eb0fd88)
2025-10-26T15:37:50.300+09:00 DEBUG 41703 --- [           main] o.h.t.d.sql.spi.DdlTypeRegistry          : addDescriptor(-3, org.hibernate.type.descriptor.sql.internal.CapacityDependentDdlType@adc3344) replaced previous registration(org.hibernate.type.descriptor.sql.internal.CapacityDependentDdlType@484302ee)
2025-10-26T15:37:50.300+09:00 DEBUG 41703 --- [           main] o.h.t.d.sql.spi.DdlTypeRegistry          : addDescriptor(4003, org.hibernate.type.descriptor.sql.internal.DdlTypeImpl@4e647f39) replaced previous registration(org.hibernate.type.descriptor.sql.internal.DdlTypeImpl@778197c0)
2025-10-26T15:37:50.300+09:00 DEBUG 41703 --- [           main] o.h.t.d.sql.spi.DdlTypeRegistry          : addDescriptor(4001, org.hibernate.type.descriptor.sql.internal.DdlTypeImpl@1c2cdc67) replaced previous registration(org.hibernate.type.descriptor.sql.internal.DdlTypeImpl@4c28f97e)
2025-10-26T15:37:50.300+09:00 DEBUG 41703 --- [           main] o.h.t.d.sql.spi.DdlTypeRegistry          : addDescriptor(4002, org.hibernate.type.descriptor.sql.internal.DdlTypeImpl@21d8da75) replaced previous registration(org.hibernate.type.descriptor.sql.internal.DdlTypeImpl@5a1c7619)
2025-10-26T15:37:50.300+09:00 DEBUG 41703 --- [           main] o.h.t.d.sql.spi.DdlTypeRegistry          : addDescriptor(2004, org.hibernate.type.descriptor.sql.internal.CapacityDependentDdlType@20a946d9) replaced previous registration(org.hibernate.type.descriptor.sql.internal.DdlTypeImpl@2b41b8bb)
2025-10-26T15:37:50.301+09:00 DEBUG 41703 --- [           main] o.h.t.d.sql.spi.DdlTypeRegistry          : addDescriptor(2005, org.hibernate.type.descriptor.sql.internal.CapacityDependentDdlType@4cadd4d4) replaced previous registration(org.hibernate.type.descriptor.sql.internal.DdlTypeImpl@7538cfe6)
2025-10-26T15:37:50.301+09:00 DEBUG 41703 --- [           main] o.h.t.d.sql.spi.DdlTypeRegistry          : addDescriptor(2011, org.hibernate.type.descriptor.sql.internal.CapacityDependentDdlType@1f4dd016) replaced previous registration(org.hibernate.type.descriptor.sql.internal.DdlTypeImpl@396f2724)
2025-10-26T15:37:50.661+09:00  INFO 41703 --- [           main] o.h.e.t.j.p.i.JtaPlatformInitiator       : HHH000489: No JTA platform available (set 'hibernate.transaction.jta.platform' to enable JTA platform integration)
2025-10-26T15:37:50.714+09:00  INFO 41703 --- [           main] j.LocalContainerEntityManagerFactoryBean : Initialized JPA EntityManagerFactory for persistence unit 'default'
2025-10-26T15:37:50.966+09:00  WARN 41703 --- [           main] JpaBaseConfiguration$JpaWebConfiguration : spring.jpa.open-in-view is enabled by default. Therefore, database queries may be performed during view rendering. Explicitly configure spring.jpa.open-in-view to disable this warning
2025-10-26T15:37:50.982+09:00  INFO 41703 --- [           main] o.s.b.a.w.s.WelcomePageHandlerMapping    : Adding welcome page template: index
2025-10-26T15:37:51.089+09:00  INFO 41703 --- [           main] r$InitializeUserDetailsManagerConfigurer : Global AuthenticationManager configured with UserDetailsService bean with name userService
2025-10-26T15:37:51.162+09:00 DEBUG 41703 --- [           main] o.s.s.web.DefaultSecurityFilterChain     : Will secure any request with filters: DisableEncodeUrlFilter, WebAsyncManagerIntegrationFilter, SecurityContextHolderFilter, HeaderWriterFilter, LogoutFilter, OAuth2AuthorizationRequestRedirectFilter, OAuth2LoginAuthenticationFilter, JwtAuthenticationFilter, UsernamePasswordAuthenticationFilter, RequestCacheAwareFilter, SecurityContextHolderAwareRequestFilter, AnonymousAuthenticationFilter, SessionManagementFilter, ExceptionTranslationFilter, AuthorizationFilter
2025-10-26T15:37:51.300+09:00  INFO 41703 --- [           main] o.s.b.w.embedded.tomcat.TomcatWebServer  : Tomcat started on port 8080 (http) with context path '/'
2025-10-26T15:37:51.305+09:00  INFO 41703 --- [           main] c.e.a.AnonymousBoardApplication          : Started AnonymousBoardApplication in 2.139 seconds (process running for 2.271)
2025-10-26T15:38:49.620+09:00  INFO 41703 --- [nio-8080-exec-1] o.a.c.c.C.[Tomcat].[localhost].[/]       : Initializing Spring DispatcherServlet 'dispatcherServlet'
2025-10-26T15:38:49.621+09:00  INFO 41703 --- [nio-8080-exec-1] o.s.web.servlet.DispatcherServlet        : Initializing Servlet 'dispatcherServlet'
2025-10-26T15:38:49.623+09:00  INFO 41703 --- [nio-8080-exec-1] o.s.web.servlet.DispatcherServlet        : Completed initialization in 2 ms
2025-10-26T15:38:49.632+09:00 DEBUG 41703 --- [nio-8080-exec-1] o.s.security.web.FilterChainProxy        : Securing GET /api/posts/1
2025-10-26T15:38:49.634+09:00  INFO 41703 --- [nio-8080-exec-1] c.e.a.c.jwt.JwtAuthenticationFilter      : Resolved token: null
2025-10-26T15:38:49.635+09:00 DEBUG 41703 --- [nio-8080-exec-1] o.s.s.w.a.AnonymousAuthenticationFilter  : Set SecurityContextHolder to anonymous SecurityContext
2025-10-26T15:38:49.636+09:00 DEBUG 41703 --- [nio-8080-exec-1] o.s.security.web.FilterChainProxy        : Secured GET /api/posts/1
Hibernate: 
    select
        p1_0.id,
        p1_0.content,
        p1_0.created_at,
        p1_0.dislikes,
        p1_0.likes,
        p1_0.user_id,
        p1_0.nickname,
        p1_0.title,
        p1_0.updated_at,
        p1_0.view_count 
    from
        post p1_0 
    where
        p1_0.id=?
Hibernate: 
    update
        post 
    set
        content=?,
        dislikes=?,
        likes=?,
        user_id=?,
        nickname=?,
        title=?,
        updated_at=?,
        view_count=? 
    where
        id=?
Hibernate: 
    select
        c1_0.post_id,
        c1_0.id,
        c1_0.content,
        c1_0.created_at,
        c1_0.user_id,
        c1_0.nickname,
        c1_0.secret,
        c1_0.updated_at 
    from
        comment c1_0 
    where
        c1_0.post_id=?
2025-10-26T15:39:28.518+09:00 DEBUG 41703 --- [nio-8080-exec-2] o.s.security.web.FilterChainProxy        : Securing GET /posts
2025-10-26T15:39:28.520+09:00  INFO 41703 --- [nio-8080-exec-2] c.e.a.c.jwt.JwtAuthenticationFilter      : Resolved token: eyJhbGciOiJIUzI1NiJ9.eyJzdWIiOiJzb25nbWo1MDAwIiwiYXV0aCI6IlJPTEVfVVNFUiIsImV4cCI6MTc2MTU0MzM2NCwiZW1haWwiOiJzb25nbWo1MDAwIiwicm9sZSI6IlJPTEVfVVNFUiJ9.MoZWKeZyxiAbtwJpk_7ZxplUkO5u8mlvXMDX-n-TaDo
Hibernate: 
    select
        m1_0.user_id,
        m1_0.created_at,
        m1_0.email,
        m1_0.email_verified,
        m1_0.nickname,
        m1_0.password,
        m1_0.profile_image,
        m1_0.provider,
        m1_0.role,
        m1_0.username 
    from
        users m1_0 
    where
        m1_0.email=?
2025-10-26T15:39:28.619+09:00 DEBUG 41703 --- [nio-8080-exec-2] o.s.s.w.a.AnonymousAuthenticationFilter  : Set SecurityContextHolder to anonymous SecurityContext
2025-10-26T15:39:28.619+09:00 DEBUG 41703 --- [nio-8080-exec-2] o.s.s.w.session.SessionManagementFilter  : Request requested invalid session id 4F0F1D84BD1AB47E00E97ADFDACDB7A8
2025-10-26T15:39:28.619+09:00 DEBUG 41703 --- [nio-8080-exec-2] o.s.security.web.FilterChainProxy        : Secured GET /posts
2025-10-26T15:39:28.719+09:00 DEBUG 41703 --- [nio-8080-exec-3] o.s.security.web.FilterChainProxy        : Securing GET /api/users/me
2025-10-26T15:39:28.719+09:00 DEBUG 41703 --- [nio-8080-exec-4] o.s.security.web.FilterChainProxy        : Securing GET /api/posts
2025-10-26T15:39:28.719+09:00  INFO 41703 --- [nio-8080-exec-4] c.e.a.c.jwt.JwtAuthenticationFilter      : Resolved token: eyJhbGciOiJIUzI1NiJ9.eyJzdWIiOiJzb25nbWo1MDAwIiwiYXV0aCI6IlJPTEVfVVNFUiIsImV4cCI6MTc2MTU0MzM2NCwiZW1haWwiOiJzb25nbWo1MDAwIiwicm9sZSI6IlJPTEVfVVNFUiJ9.MoZWKeZyxiAbtwJpk_7ZxplUkO5u8mlvXMDX-n-TaDo
2025-10-26T15:39:28.719+09:00  INFO 41703 --- [nio-8080-exec-3] c.e.a.c.jwt.JwtAuthenticationFilter      : Resolved token: eyJhbGciOiJIUzI1NiJ9.eyJzdWIiOiJzb25nbWo1MDAwIiwiYXV0aCI6IlJPTEVfVVNFUiIsImV4cCI6MTc2MTU0MzM2NCwiZW1haWwiOiJzb25nbWo1MDAwIiwicm9sZSI6IlJPTEVfVVNFUiJ9.MoZWKeZyxiAbtwJpk_7ZxplUkO5u8mlvXMDX-n-TaDo
Hibernate: 
    select
        m1_0.user_id,
        m1_0.created_at,
        m1_0.email,
        m1_0.email_verified,
        m1_0.nickname,
        m1_0.password,
        m1_0.profile_image,
        m1_0.provider,
        m1_0.role,
        m1_0.username 
    from
        users m1_0 
    where
        m1_0.email=?
Hibernate: 
    select
        m1_0.user_id,
        m1_0.created_at,
        m1_0.email,
        m1_0.email_verified,
        m1_0.nickname,
        m1_0.password,
        m1_0.profile_image,
        m1_0.provider,
        m1_0.role,
        m1_0.username 
    from
        users m1_0 
    where
        m1_0.email=?
2025-10-26T15:39:28.723+09:00 DEBUG 41703 --- [nio-8080-exec-3] o.s.s.w.a.AnonymousAuthenticationFilter  : Set SecurityContextHolder to anonymous SecurityContext
2025-10-26T15:39:28.723+09:00 DEBUG 41703 --- [nio-8080-exec-4] o.s.s.w.a.AnonymousAuthenticationFilter  : Set SecurityContextHolder to anonymous SecurityContext
2025-10-26T15:39:28.723+09:00 DEBUG 41703 --- [nio-8080-exec-3] o.s.s.w.session.SessionManagementFilter  : Request requested invalid session id 4F0F1D84BD1AB47E00E97ADFDACDB7A8
2025-10-26T15:39:28.723+09:00 DEBUG 41703 --- [nio-8080-exec-4] o.s.s.w.session.SessionManagementFilter  : Request requested invalid session id 4F0F1D84BD1AB47E00E97ADFDACDB7A8
2025-10-26T15:39:28.723+09:00 DEBUG 41703 --- [nio-8080-exec-4] o.s.security.web.FilterChainProxy        : Secured GET /api/posts
Hibernate: 
    select
        p1_0.id,
        p1_0.content,
        p1_0.created_at,
        p1_0.dislikes,
        p1_0.likes,
        p1_0.user_id,
        p1_0.nickname,
        p1_0.title,
        p1_0.updated_at,
        p1_0.view_count 
    from
        post p1_0
Hibernate: 
    select
        c1_0.post_id,
        c1_0.id,
        c1_0.content,
        c1_0.created_at,
        c1_0.user_id,
        c1_0.nickname,
        c1_0.secret,
        c1_0.updated_at 
    from
        comment c1_0 
    where
        c1_0.post_id=?
Hibernate: 
    select
        c1_0.post_id,
        c1_0.id,
        c1_0.content,
        c1_0.created_at,
        c1_0.user_id,
        c1_0.nickname,
        c1_0.secret,
        c1_0.updated_at 
    from
        comment c1_0 
    where
        c1_0.post_id=?
2025-10-26T15:39:28.735+09:00 DEBUG 41703 --- [nio-8080-exec-5] o.s.security.web.FilterChainProxy        : Securing GET /favicon.ico
2025-10-26T15:39:28.735+09:00  INFO 41703 --- [nio-8080-exec-5] c.e.a.c.jwt.JwtAuthenticationFilter      : Resolved token: eyJhbGciOiJIUzI1NiJ9.eyJzdWIiOiJzb25nbWo1MDAwIiwiYXV0aCI6IlJPTEVfVVNFUiIsImV4cCI6MTc2MTU0MzM2NCwiZW1haWwiOiJzb25nbWo1MDAwIiwicm9sZSI6IlJPTEVfVVNFUiJ9.MoZWKeZyxiAbtwJpk_7ZxplUkO5u8mlvXMDX-n-TaDo
Hibernate: 
    select
        m1_0.user_id,
        m1_0.created_at,
        m1_0.email,
        m1_0.email_verified,
        m1_0.nickname,
        m1_0.password,
        m1_0.profile_image,
        m1_0.provider,
        m1_0.role,
        m1_0.username 
    from
        users m1_0 
    where
        m1_0.email=?
2025-10-26T15:39:28.738+09:00 DEBUG 41703 --- [nio-8080-exec-5] o.s.s.w.a.AnonymousAuthenticationFilter  : Set SecurityContextHolder to anonymous SecurityContext
2025-10-26T15:39:28.739+09:00 DEBUG 41703 --- [nio-8080-exec-5] o.s.s.w.session.SessionManagementFilter  : Request requested invalid session id 4F0F1D84BD1AB47E00E97ADFDACDB7A8
2025-10-26T15:39:28.745+09:00 DEBUG 41703 --- [nio-8080-exec-6] o.s.security.web.FilterChainProxy        : Securing GET /login
2025-10-26T15:39:28.745+09:00  INFO 41703 --- [nio-8080-exec-6] c.e.a.c.jwt.JwtAuthenticationFilter      : Resolved token: eyJhbGciOiJIUzI1NiJ9.eyJzdWIiOiJzb25nbWo1MDAwIiwiYXV0aCI6IlJPTEVfVVNFUiIsImV4cCI6MTc2MTU0MzM2NCwiZW1haWwiOiJzb25nbWo1MDAwIiwicm9sZSI6IlJPTEVfVVNFUiJ9.MoZWKeZyxiAbtwJpk_7ZxplUkO5u8mlvXMDX-n-TaDo
Hibernate: 
    select
        m1_0.user_id,
        m1_0.created_at,
        m1_0.email,
        m1_0.email_verified,
        m1_0.nickname,
        m1_0.password,
        m1_0.profile_image,
        m1_0.provider,
        m1_0.role,
        m1_0.username 
    from
        users m1_0 
    where
        m1_0.email=?
2025-10-26T15:39:28.749+09:00 DEBUG 41703 --- [nio-8080-exec-6] o.s.s.w.a.AnonymousAuthenticationFilter  : Set SecurityContextHolder to anonymous SecurityContext
2025-10-26T15:39:28.749+09:00 DEBUG 41703 --- [nio-8080-exec-6] o.s.s.w.session.SessionManagementFilter  : Request requested invalid session id 4F0F1D84BD1AB47E00E97ADFDACDB7A8
2025-10-26T15:39:28.749+09:00 DEBUG 41703 --- [nio-8080-exec-6] o.s.security.web.FilterChainProxy        : Secured GET /login
2025-10-26T15:39:29.981+09:00 DEBUG 41703 --- [nio-8080-exec-7] o.s.security.web.FilterChainProxy        : Securing GET /posts/2
2025-10-26T15:39:29.981+09:00  INFO 41703 --- [nio-8080-exec-7] c.e.a.c.jwt.JwtAuthenticationFilter      : Resolved token: eyJhbGciOiJIUzI1NiJ9.eyJzdWIiOiJzb25nbWo1MDAwIiwiYXV0aCI6IlJPTEVfVVNFUiIsImV4cCI6MTc2MTU0MzM2NCwiZW1haWwiOiJzb25nbWo1MDAwIiwicm9sZSI6IlJPTEVfVVNFUiJ9.MoZWKeZyxiAbtwJpk_7ZxplUkO5u8mlvXMDX-n-TaDo
Hibernate: 
    select
        m1_0.user_id,
        m1_0.created_at,
        m1_0.email,
        m1_0.email_verified,
        m1_0.nickname,
        m1_0.password,
        m1_0.profile_image,
        m1_0.provider,
        m1_0.role,
        m1_0.username 
    from
        users m1_0 
    where
        m1_0.email=?
2025-10-26T15:39:29.992+09:00 DEBUG 41703 --- [nio-8080-exec-7] o.s.s.w.a.AnonymousAuthenticationFilter  : Set SecurityContextHolder to anonymous SecurityContext
2025-10-26T15:39:29.992+09:00 DEBUG 41703 --- [nio-8080-exec-7] o.s.s.w.session.SessionManagementFilter  : Request requested invalid session id 4F0F1D84BD1AB47E00E97ADFDACDB7A8
2025-10-26T15:39:29.992+09:00 DEBUG 41703 --- [nio-8080-exec-7] o.s.security.web.FilterChainProxy        : Secured GET /posts/2
2025-10-26T15:39:30.138+09:00 DEBUG 41703 --- [nio-8080-exec-9] o.s.security.web.FilterChainProxy        : Securing GET /api/posts/2
2025-10-26T15:39:30.138+09:00 DEBUG 41703 --- [nio-8080-exec-8] o.s.security.web.FilterChainProxy        : Securing GET /api/users/me
2025-10-26T15:39:30.138+09:00  INFO 41703 --- [nio-8080-exec-9] c.e.a.c.jwt.JwtAuthenticationFilter      : Resolved token: eyJhbGciOiJIUzI1NiJ9.eyJzdWIiOiJzb25nbWo1MDAwIiwiYXV0aCI6IlJPTEVfVVNFUiIsImV4cCI6MTc2MTU0MzM2NCwiZW1haWwiOiJzb25nbWo1MDAwIiwicm9sZSI6IlJPTEVfVVNFUiJ9.MoZWKeZyxiAbtwJpk_7ZxplUkO5u8mlvXMDX-n-TaDo
2025-10-26T15:39:30.138+09:00  INFO 41703 --- [nio-8080-exec-8] c.e.a.c.jwt.JwtAuthenticationFilter      : Resolved token: eyJhbGciOiJIUzI1NiJ9.eyJzdWIiOiJzb25nbWo1MDAwIiwiYXV0aCI6IlJPTEVfVVNFUiIsImV4cCI6MTc2MTU0MzM2NCwiZW1haWwiOiJzb25nbWo1MDAwIiwicm9sZSI6IlJPTEVfVVNFUiJ9.MoZWKeZyxiAbtwJpk_7ZxplUkO5u8mlvXMDX-n-TaDo
Hibernate: 
    select
        m1_0.user_id,
        m1_0.created_at,
        m1_0.email,
        m1_0.email_verified,
        m1_0.nickname,
        m1_0.password,
        m1_0.profile_image,
        m1_0.provider,
        m1_0.role,
        m1_0.username 
    from
        users m1_0 
    where
        m1_0.email=?
Hibernate: 
    select
        m1_0.user_id,
        m1_0.created_at,
        m1_0.email,
        m1_0.email_verified,
        m1_0.nickname,
        m1_0.password,
        m1_0.profile_image,
        m1_0.provider,
        m1_0.role,
        m1_0.username 
    from
        users m1_0 
    where
        m1_0.email=?
2025-10-26T15:39:30.145+09:00 DEBUG 41703 --- [nio-8080-exec-9] o.s.s.w.a.AnonymousAuthenticationFilter  : Set SecurityContextHolder to anonymous SecurityContext
2025-10-26T15:39:30.145+09:00 DEBUG 41703 --- [nio-8080-exec-9] o.s.s.w.session.SessionManagementFilter  : Request requested invalid session id 4F0F1D84BD1AB47E00E97ADFDACDB7A8
2025-10-26T15:39:30.145+09:00 DEBUG 41703 --- [nio-8080-exec-8] o.s.s.w.a.AnonymousAuthenticationFilter  : Set SecurityContextHolder to anonymous SecurityContext
2025-10-26T15:39:30.145+09:00 DEBUG 41703 --- [nio-8080-exec-8] o.s.s.w.session.SessionManagementFilter  : Request requested invalid session id 4F0F1D84BD1AB47E00E97ADFDACDB7A8
2025-10-26T15:39:30.145+09:00 DEBUG 41703 --- [nio-8080-exec-9] o.s.security.web.FilterChainProxy        : Secured GET /api/posts/2
Hibernate: 
    select
        p1_0.id,
        p1_0.content,
        p1_0.created_at,
        p1_0.dislikes,
        p1_0.likes,
        p1_0.user_id,
        p1_0.nickname,
        p1_0.title,
        p1_0.updated_at,
        p1_0.view_count 
    from
        post p1_0 
    where
        p1_0.id=?
2025-10-26T15:39:30.148+09:00 DEBUG 41703 --- [io-8080-exec-10] o.s.security.web.FilterChainProxy        : Securing GET /favicon.ico
2025-10-26T15:39:30.149+09:00  INFO 41703 --- [io-8080-exec-10] c.e.a.c.jwt.JwtAuthenticationFilter      : Resolved token: eyJhbGciOiJIUzI1NiJ9.eyJzdWIiOiJzb25nbWo1MDAwIiwiYXV0aCI6IlJPTEVfVVNFUiIsImV4cCI6MTc2MTU0MzM2NCwiZW1haWwiOiJzb25nbWo1MDAwIiwicm9sZSI6IlJPTEVfVVNFUiJ9.MoZWKeZyxiAbtwJpk_7ZxplUkO5u8mlvXMDX-n-TaDo
Hibernate: 
    select
        m1_0.user_id,
        m1_0.created_at,
        m1_0.email,
        m1_0.email_verified,
        m1_0.nickname,
        m1_0.password,
        m1_0.profile_image,
        m1_0.provider,
        m1_0.role,
        m1_0.username 
    from
        users m1_0 
    where
        m1_0.email=?
Hibernate: 
    update
        post 
    set
        content=?,
        dislikes=?,
        likes=?,
        user_id=?,
        nickname=?,
        title=?,
        updated_at=?,
        view_count=? 
    where
        id=?
2025-10-26T15:39:30.155+09:00 DEBUG 41703 --- [io-8080-exec-10] o.s.s.w.a.AnonymousAuthenticationFilter  : Set SecurityContextHolder to anonymous SecurityContext
2025-10-26T15:39:30.155+09:00 DEBUG 41703 --- [io-8080-exec-10] o.s.s.w.session.SessionManagementFilter  : Request requested invalid session id 4F0F1D84BD1AB47E00E97ADFDACDB7A8
2025-10-26T15:39:30.157+09:00 DEBUG 41703 --- [nio-8080-exec-1] o.s.security.web.FilterChainProxy        : Securing GET /login
2025-10-26T15:39:30.157+09:00  INFO 41703 --- [nio-8080-exec-1] c.e.a.c.jwt.JwtAuthenticationFilter      : Resolved token: eyJhbGciOiJIUzI1NiJ9.eyJzdWIiOiJzb25nbWo1MDAwIiwiYXV0aCI6IlJPTEVfVVNFUiIsImV4cCI6MTc2MTU0MzM2NCwiZW1haWwiOiJzb25nbWo1MDAwIiwicm9sZSI6IlJPTEVfVVNFUiJ9.MoZWKeZyxiAbtwJpk_7ZxplUkO5u8mlvXMDX-n-TaDo
Hibernate: 
    select
        c1_0.post_id,
        c1_0.id,
        c1_0.content,
        c1_0.created_at,
        c1_0.user_id,
        c1_0.nickname,
        c1_0.secret,
        c1_0.updated_at 
    from
        comment c1_0 
    where
        c1_0.post_id=?
Hibernate: 
    select
        m1_0.user_id,
        m1_0.created_at,
        m1_0.email,
        m1_0.email_verified,
        m1_0.nickname,
        m1_0.password,
        m1_0.profile_image,
        m1_0.provider,
        m1_0.role,
        m1_0.username 
    from
        users m1_0 
    where
        m1_0.email=?
2025-10-26T15:39:30.163+09:00 DEBUG 41703 --- [nio-8080-exec-1] o.s.s.w.a.AnonymousAuthenticationFilter  : Set SecurityContextHolder to anonymous SecurityContext
2025-10-26T15:39:30.163+09:00 DEBUG 41703 --- [nio-8080-exec-1] o.s.s.w.session.SessionManagementFilter  : Request requested invalid session id 4F0F1D84BD1AB47E00E97ADFDACDB7A8
2025-10-26T15:39:30.163+09:00 DEBUG 41703 --- [nio-8080-exec-1] o.s.security.web.FilterChainProxy        : Secured GET /login
2025-10-26T15:39:30.165+09:00 DEBUG 41703 --- [nio-8080-exec-2] o.s.security.web.FilterChainProxy        : Securing GET /api/posts/2/comments
2025-10-26T15:39:30.165+09:00  INFO 41703 --- [nio-8080-exec-2] c.e.a.c.jwt.JwtAuthenticationFilter      : Resolved token: eyJhbGciOiJIUzI1NiJ9.eyJzdWIiOiJzb25nbWo1MDAwIiwiYXV0aCI6IlJPTEVfVVNFUiIsImV4cCI6MTc2MTU0MzM2NCwiZW1haWwiOiJzb25nbWo1MDAwIiwicm9sZSI6IlJPTEVfVVNFUiJ9.MoZWKeZyxiAbtwJpk_7ZxplUkO5u8mlvXMDX-n-TaDo
Hibernate: 
    select
        m1_0.user_id,
        m1_0.created_at,
        m1_0.email,
        m1_0.email_verified,
        m1_0.nickname,
        m1_0.password,
        m1_0.profile_image,
        m1_0.provider,
        m1_0.role,
        m1_0.username 
    from
        users m1_0 
    where
        m1_0.email=?
2025-10-26T15:39:30.171+09:00 DEBUG 41703 --- [nio-8080-exec-2] o.s.s.w.a.AnonymousAuthenticationFilter  : Set SecurityContextHolder to anonymous SecurityContext
2025-10-26T15:39:30.171+09:00 DEBUG 41703 --- [nio-8080-exec-2] o.s.s.w.session.SessionManagementFilter  : Request requested invalid session id 4F0F1D84BD1AB47E00E97ADFDACDB7A8
2025-10-26T15:39:30.172+09:00 DEBUG 41703 --- [nio-8080-exec-2] o.s.security.web.FilterChainProxy        : Secured GET /api/posts/2/comments
Hibernate: 
    select
        p1_0.id,
        p1_0.content,
        p1_0.created_at,
        p1_0.dislikes,
        p1_0.likes,
        p1_0.user_id,
        p1_0.nickname,
        p1_0.title,
        p1_0.updated_at,
        p1_0.view_count 
    from
        post p1_0 
    where
        p1_0.id=?
Hibernate: 
    select
        c1_0.post_id,
        c1_0.id,
        c1_0.content,
        c1_0.created_at,
        c1_0.user_id,
        c1_0.nickname,
        c1_0.secret,
        c1_0.updated_at 
    from
        comment c1_0 
    where
        c1_0.post_id=?
2025-10-26T15:39:33.185+09:00 DEBUG 41703 --- [nio-8080-exec-3] o.s.security.web.FilterChainProxy        : Securing GET /posts
2025-10-26T15:39:33.186+09:00  INFO 41703 --- [nio-8080-exec-3] c.e.a.c.jwt.JwtAuthenticationFilter      : Resolved token: eyJhbGciOiJIUzI1NiJ9.eyJzdWIiOiJzb25nbWo1MDAwIiwiYXV0aCI6IlJPTEVfVVNFUiIsImV4cCI6MTc2MTU0MzM2NCwiZW1haWwiOiJzb25nbWo1MDAwIiwicm9sZSI6IlJPTEVfVVNFUiJ9.MoZWKeZyxiAbtwJpk_7ZxplUkO5u8mlvXMDX-n-TaDo
Hibernate: 
    select
        m1_0.user_id,
        m1_0.created_at,
        m1_0.email,
        m1_0.email_verified,
        m1_0.nickname,
        m1_0.password,
        m1_0.profile_image,
        m1_0.provider,
        m1_0.role,
        m1_0.username 
    from
        users m1_0 
    where
        m1_0.email=?
2025-10-26T15:39:33.195+09:00 DEBUG 41703 --- [nio-8080-exec-3] o.s.s.w.a.AnonymousAuthenticationFilter  : Set SecurityContextHolder to anonymous SecurityContext
2025-10-26T15:39:33.196+09:00 DEBUG 41703 --- [nio-8080-exec-3] o.s.s.w.session.SessionManagementFilter  : Request requested invalid session id 4F0F1D84BD1AB47E00E97ADFDACDB7A8
2025-10-26T15:39:33.196+09:00 DEBUG 41703 --- [nio-8080-exec-3] o.s.security.web.FilterChainProxy        : Secured GET /posts
2025-10-26T15:39:33.223+09:00 DEBUG 41703 --- [nio-8080-exec-5] o.s.security.web.FilterChainProxy        : Securing GET /api/posts
2025-10-26T15:39:33.223+09:00 DEBUG 41703 --- [nio-8080-exec-4] o.s.security.web.FilterChainProxy        : Securing GET /api/users/me
2025-10-26T15:39:33.224+09:00  INFO 41703 --- [nio-8080-exec-5] c.e.a.c.jwt.JwtAuthenticationFilter      : Resolved token: eyJhbGciOiJIUzI1NiJ9.eyJzdWIiOiJzb25nbWo1MDAwIiwiYXV0aCI6IlJPTEVfVVNFUiIsImV4cCI6MTc2MTU0MzM2NCwiZW1haWwiOiJzb25nbWo1MDAwIiwicm9sZSI6IlJPTEVfVVNFUiJ9.MoZWKeZyxiAbtwJpk_7ZxplUkO5u8mlvXMDX-n-TaDo
2025-10-26T15:39:33.224+09:00  INFO 41703 --- [nio-8080-exec-4] c.e.a.c.jwt.JwtAuthenticationFilter      : Resolved token: eyJhbGciOiJIUzI1NiJ9.eyJzdWIiOiJzb25nbWo1MDAwIiwiYXV0aCI6IlJPTEVfVVNFUiIsImV4cCI6MTc2MTU0MzM2NCwiZW1haWwiOiJzb25nbWo1MDAwIiwicm9sZSI6IlJPTEVfVVNFUiJ9.MoZWKeZyxiAbtwJpk_7ZxplUkO5u8mlvXMDX-n-TaDo
2025-10-26T15:39:33.235+09:00 DEBUG 41703 --- [nio-8080-exec-6] o.s.security.web.FilterChainProxy        : Securing GET /favicon.ico
2025-10-26T15:39:33.236+09:00  INFO 41703 --- [nio-8080-exec-6] c.e.a.c.jwt.JwtAuthenticationFilter      : Resolved token: eyJhbGciOiJIUzI1NiJ9.eyJzdWIiOiJzb25nbWo1MDAwIiwiYXV0aCI6IlJPTEVfVVNFUiIsImV4cCI6MTc2MTU0MzM2NCwiZW1haWwiOiJzb25nbWo1MDAwIiwicm9sZSI6IlJPTEVfVVNFUiJ9.MoZWKeZyxiAbtwJpk_7ZxplUkO5u8mlvXMDX-n-TaDo
Hibernate: 
    select
        m1_0.user_id,
        m1_0.created_at,
        m1_0.email,
        m1_0.email_verified,
        m1_0.nickname,
        m1_0.password,
        m1_0.profile_image,
        m1_0.provider,
        m1_0.role,
        m1_0.username 
    from
        users m1_0 
    where
        m1_0.email=?
Hibernate: 
    select
        m1_0.user_id,
        m1_0.created_at,
        m1_0.email,
        m1_0.email_verified,
        m1_0.nickname,
        m1_0.password,
        m1_0.profile_image,
        m1_0.provider,
        m1_0.role,
        m1_0.username 
    from
        users m1_0 
    where
        m1_0.email=?
Hibernate: 
    select
        m1_0.user_id,
        m1_0.created_at,
        m1_0.email,
        m1_0.email_verified,
        m1_0.nickname,
        m1_0.password,
        m1_0.profile_image,
        m1_0.provider,
        m1_0.role,
        m1_0.username 
    from
        users m1_0 
    where
        m1_0.email=?
2025-10-26T15:39:33.238+09:00 DEBUG 41703 --- [nio-8080-exec-4] o.s.s.w.a.AnonymousAuthenticationFilter  : Set SecurityContextHolder to anonymous SecurityContext
2025-10-26T15:39:33.238+09:00 DEBUG 41703 --- [nio-8080-exec-5] o.s.s.w.a.AnonymousAuthenticationFilter  : Set SecurityContextHolder to anonymous SecurityContext
2025-10-26T15:39:33.238+09:00 DEBUG 41703 --- [nio-8080-exec-4] o.s.s.w.session.SessionManagementFilter  : Request requested invalid session id 4F0F1D84BD1AB47E00E97ADFDACDB7A8
2025-10-26T15:39:33.238+09:00 DEBUG 41703 --- [nio-8080-exec-5] o.s.s.w.session.SessionManagementFilter  : Request requested invalid session id 4F0F1D84BD1AB47E00E97ADFDACDB7A8
2025-10-26T15:39:33.238+09:00 DEBUG 41703 --- [nio-8080-exec-5] o.s.security.web.FilterChainProxy        : Secured GET /api/posts
2025-10-26T15:39:33.239+09:00 DEBUG 41703 --- [nio-8080-exec-6] o.s.s.w.a.AnonymousAuthenticationFilter  : Set SecurityContextHolder to anonymous SecurityContext
2025-10-26T15:39:33.239+09:00 DEBUG 41703 --- [nio-8080-exec-6] o.s.s.w.session.SessionManagementFilter  : Request requested invalid session id 4F0F1D84BD1AB47E00E97ADFDACDB7A8
2025-10-26T15:39:33.240+09:00 DEBUG 41703 --- [nio-8080-exec-7] o.s.security.web.FilterChainProxy        : Securing GET /login
Hibernate: 
    select
        p1_0.id,
        p1_0.content,
        p1_0.created_at,
        p1_0.dislikes,
        p1_0.likes,
        p1_0.user_id,
        p1_0.nickname,
        p1_0.title,
        p1_0.updated_at,
        p1_0.view_count 
    from
        post p1_0
2025-10-26T15:39:33.240+09:00  INFO 41703 --- [nio-8080-exec-7] c.e.a.c.jwt.JwtAuthenticationFilter      : Resolved token: eyJhbGciOiJIUzI1NiJ9.eyJzdWIiOiJzb25nbWo1MDAwIiwiYXV0aCI6IlJPTEVfVVNFUiIsImV4cCI6MTc2MTU0MzM2NCwiZW1haWwiOiJzb25nbWo1MDAwIiwicm9sZSI6IlJPTEVfVVNFUiJ9.MoZWKeZyxiAbtwJpk_7ZxplUkO5u8mlvXMDX-n-TaDo
Hibernate: 
    select
        m1_0.user_id,
        m1_0.created_at,
        m1_0.email,
        m1_0.email_verified,
        m1_0.nickname,
        m1_0.password,
        m1_0.profile_image,
        m1_0.provider,
        m1_0.role,
        m1_0.username 
    from
        users m1_0 
    where
        m1_0.email=?
Hibernate: 
    select
        c1_0.post_id,
        c1_0.id,
        c1_0.content,
        c1_0.created_at,
        c1_0.user_id,
        c1_0.nickname,
        c1_0.secret,
        c1_0.updated_at 
    from
        comment c1_0 
    where
        c1_0.post_id=?
2025-10-26T15:39:33.243+09:00 DEBUG 41703 --- [nio-8080-exec-7] o.s.s.w.a.AnonymousAuthenticationFilter  : Set SecurityContextHolder to anonymous SecurityContext
2025-10-26T15:39:33.243+09:00 DEBUG 41703 --- [nio-8080-exec-7] o.s.s.w.session.SessionManagementFilter  : Request requested invalid session id 4F0F1D84BD1AB47E00E97ADFDACDB7A8
2025-10-26T15:39:33.243+09:00 DEBUG 41703 --- [nio-8080-exec-7] o.s.security.web.FilterChainProxy        : Secured GET /login
Hibernate: 
    select
        c1_0.post_id,
        c1_0.id,
        c1_0.content,
        c1_0.created_at,
        c1_0.user_id,
        c1_0.nickname,
        c1_0.secret,
        c1_0.updated_at 
    from
        comment c1_0 
    where
        c1_0.post_id=?
2025-10-26T15:39:33.873+09:00 DEBUG 41703 --- [nio-8080-exec-1] o.s.security.web.FilterChainProxy        : Securing GET /posts/1
2025-10-26T15:39:33.874+09:00  INFO 41703 --- [nio-8080-exec-1] c.e.a.c.jwt.JwtAuthenticationFilter      : Resolved token: eyJhbGciOiJIUzI1NiJ9.eyJzdWIiOiJzb25nbWo1MDAwIiwiYXV0aCI6IlJPTEVfVVNFUiIsImV4cCI6MTc2MTU0MzM2NCwiZW1haWwiOiJzb25nbWo1MDAwIiwicm9sZSI6IlJPTEVfVVNFUiJ9.MoZWKeZyxiAbtwJpk_7ZxplUkO5u8mlvXMDX-n-TaDo
Hibernate: 
    select
        m1_0.user_id,
        m1_0.created_at,
        m1_0.email,
        m1_0.email_verified,
        m1_0.nickname,
        m1_0.password,
        m1_0.profile_image,
        m1_0.provider,
        m1_0.role,
        m1_0.username 
    from
        users m1_0 
    where
        m1_0.email=?
2025-10-26T15:39:33.884+09:00 DEBUG 41703 --- [nio-8080-exec-1] o.s.s.w.a.AnonymousAuthenticationFilter  : Set SecurityContextHolder to anonymous SecurityContext
2025-10-26T15:39:33.884+09:00 DEBUG 41703 --- [nio-8080-exec-1] o.s.s.w.session.SessionManagementFilter  : Request requested invalid session id 4F0F1D84BD1AB47E00E97ADFDACDB7A8
2025-10-26T15:39:33.884+09:00 DEBUG 41703 --- [nio-8080-exec-1] o.s.security.web.FilterChainProxy        : Secured GET /posts/1
2025-10-26T15:39:33.912+09:00 DEBUG 41703 --- [nio-8080-exec-2] o.s.security.web.FilterChainProxy        : Securing GET /api/users/me
2025-10-26T15:39:33.912+09:00 DEBUG 41703 --- [nio-8080-exec-3] o.s.security.web.FilterChainProxy        : Securing GET /api/posts/1
2025-10-26T15:39:33.912+09:00  INFO 41703 --- [nio-8080-exec-2] c.e.a.c.jwt.JwtAuthenticationFilter      : Resolved token: eyJhbGciOiJIUzI1NiJ9.eyJzdWIiOiJzb25nbWo1MDAwIiwiYXV0aCI6IlJPTEVfVVNFUiIsImV4cCI6MTc2MTU0MzM2NCwiZW1haWwiOiJzb25nbWo1MDAwIiwicm9sZSI6IlJPTEVfVVNFUiJ9.MoZWKeZyxiAbtwJpk_7ZxplUkO5u8mlvXMDX-n-TaDo
2025-10-26T15:39:33.912+09:00  INFO 41703 --- [nio-8080-exec-3] c.e.a.c.jwt.JwtAuthenticationFilter      : Resolved token: eyJhbGciOiJIUzI1NiJ9.eyJzdWIiOiJzb25nbWo1MDAwIiwiYXV0aCI6IlJPTEVfVVNFUiIsImV4cCI6MTc2MTU0MzM2NCwiZW1haWwiOiJzb25nbWo1MDAwIiwicm9sZSI6IlJPTEVfVVNFUiJ9.MoZWKeZyxiAbtwJpk_7ZxplUkO5u8mlvXMDX-n-TaDo
Hibernate: 
    select
        m1_0.user_id,
        m1_0.created_at,
        m1_0.email,
        m1_0.email_verified,
        m1_0.nickname,
        m1_0.password,
        m1_0.profile_image,
        m1_0.provider,
        m1_0.role,
        m1_0.username 
    from
        users m1_0 
    where
        m1_0.email=?
Hibernate: 
    select
        m1_0.user_id,
        m1_0.created_at,
        m1_0.email,
        m1_0.email_verified,
        m1_0.nickname,
        m1_0.password,
        m1_0.profile_image,
        m1_0.provider,
        m1_0.role,
        m1_0.username 
    from
        users m1_0 
    where
        m1_0.email=?
2025-10-26T15:39:33.918+09:00 DEBUG 41703 --- [nio-8080-exec-3] o.s.s.w.a.AnonymousAuthenticationFilter  : Set SecurityContextHolder to anonymous SecurityContext
2025-10-26T15:39:33.918+09:00 DEBUG 41703 --- [nio-8080-exec-2] o.s.s.w.a.AnonymousAuthenticationFilter  : Set SecurityContextHolder to anonymous SecurityContext
2025-10-26T15:39:33.918+09:00 DEBUG 41703 --- [nio-8080-exec-2] o.s.s.w.session.SessionManagementFilter  : Request requested invalid session id 4F0F1D84BD1AB47E00E97ADFDACDB7A8
2025-10-26T15:39:33.918+09:00 DEBUG 41703 --- [nio-8080-exec-3] o.s.s.w.session.SessionManagementFilter  : Request requested invalid session id 4F0F1D84BD1AB47E00E97ADFDACDB7A8
2025-10-26T15:39:33.918+09:00 DEBUG 41703 --- [nio-8080-exec-3] o.s.security.web.FilterChainProxy        : Secured GET /api/posts/1
Hibernate: 
    select
        p1_0.id,
        p1_0.content,
        p1_0.created_at,
        p1_0.dislikes,
        p1_0.likes,
        p1_0.user_id,
        p1_0.nickname,
        p1_0.title,
        p1_0.updated_at,
        p1_0.view_count 
    from
        post p1_0 
    where
        p1_0.id=?
Hibernate: 
    update
        post 
    set
        content=?,
        dislikes=?,
        likes=?,
        user_id=?,
        nickname=?,
        title=?,
        updated_at=?,
        view_count=? 
    where
        id=?
2025-10-26T15:39:33.922+09:00 DEBUG 41703 --- [nio-8080-exec-4] o.s.security.web.FilterChainProxy        : Securing GET /favicon.ico
2025-10-26T15:39:33.922+09:00  INFO 41703 --- [nio-8080-exec-4] c.e.a.c.jwt.JwtAuthenticationFilter      : Resolved token: eyJhbGciOiJIUzI1NiJ9.eyJzdWIiOiJzb25nbWo1MDAwIiwiYXV0aCI6IlJPTEVfVVNFUiIsImV4cCI6MTc2MTU0MzM2NCwiZW1haWwiOiJzb25nbWo1MDAwIiwicm9sZSI6IlJPTEVfVVNFUiJ9.MoZWKeZyxiAbtwJpk_7ZxplUkO5u8mlvXMDX-n-TaDo
Hibernate: 
    select
        m1_0.user_id,
        m1_0.created_at,
        m1_0.email,
        m1_0.email_verified,
        m1_0.nickname,
        m1_0.password,
        m1_0.profile_image,
        m1_0.provider,
        m1_0.role,
        m1_0.username 
    from
        users m1_0 
    where
        m1_0.email=?
Hibernate: 
    select
        c1_0.post_id,
        c1_0.id,
        c1_0.content,
        c1_0.created_at,
        c1_0.user_id,
        c1_0.nickname,
        c1_0.secret,
        c1_0.updated_at 
    from
        comment c1_0 
    where
        c1_0.post_id=?
2025-10-26T15:39:33.925+09:00 DEBUG 41703 --- [nio-8080-exec-4] o.s.s.w.a.AnonymousAuthenticationFilter  : Set SecurityContextHolder to anonymous SecurityContext
2025-10-26T15:39:33.925+09:00 DEBUG 41703 --- [nio-8080-exec-4] o.s.s.w.session.SessionManagementFilter  : Request requested invalid session id 4F0F1D84BD1AB47E00E97ADFDACDB7A8
2025-10-26T15:39:33.927+09:00 DEBUG 41703 --- [nio-8080-exec-6] o.s.security.web.FilterChainProxy        : Securing GET /login
2025-10-26T15:39:33.928+09:00  INFO 41703 --- [nio-8080-exec-6] c.e.a.c.jwt.JwtAuthenticationFilter      : Resolved token: eyJhbGciOiJIUzI1NiJ9.eyJzdWIiOiJzb25nbWo1MDAwIiwiYXV0aCI6IlJPTEVfVVNFUiIsImV4cCI6MTc2MTU0MzM2NCwiZW1haWwiOiJzb25nbWo1MDAwIiwicm9sZSI6IlJPTEVfVVNFUiJ9.MoZWKeZyxiAbtwJpk_7ZxplUkO5u8mlvXMDX-n-TaDo
Hibernate: 
    select
        m1_0.user_id,
        m1_0.created_at,
        m1_0.email,
        m1_0.email_verified,
        m1_0.nickname,
        m1_0.password,
        m1_0.profile_image,
        m1_0.provider,
        m1_0.role,
        m1_0.username 
    from
        users m1_0 
    where
        m1_0.email=?
2025-10-26T15:39:33.931+09:00 DEBUG 41703 --- [nio-8080-exec-6] o.s.s.w.a.AnonymousAuthenticationFilter  : Set SecurityContextHolder to anonymous SecurityContext
2025-10-26T15:39:33.931+09:00 DEBUG 41703 --- [nio-8080-exec-6] o.s.s.w.session.SessionManagementFilter  : Request requested invalid session id 4F0F1D84BD1AB47E00E97ADFDACDB7A8
2025-10-26T15:39:33.931+09:00 DEBUG 41703 --- [nio-8080-exec-6] o.s.security.web.FilterChainProxy        : Secured GET /login
2025-10-26T15:39:33.934+09:00 DEBUG 41703 --- [nio-8080-exec-5] o.s.security.web.FilterChainProxy        : Securing GET /api/posts/1/comments
2025-10-26T15:39:33.934+09:00  INFO 41703 --- [nio-8080-exec-5] c.e.a.c.jwt.JwtAuthenticationFilter      : Resolved token: eyJhbGciOiJIUzI1NiJ9.eyJzdWIiOiJzb25nbWo1MDAwIiwiYXV0aCI6IlJPTEVfVVNFUiIsImV4cCI6MTc2MTU0MzM2NCwiZW1haWwiOiJzb25nbWo1MDAwIiwicm9sZSI6IlJPTEVfVVNFUiJ9.MoZWKeZyxiAbtwJpk_7ZxplUkO5u8mlvXMDX-n-TaDo
Hibernate: 
    select
        m1_0.user_id,
        m1_0.created_at,
        m1_0.email,
        m1_0.email_verified,
        m1_0.nickname,
        m1_0.password,
        m1_0.profile_image,
        m1_0.provider,
        m1_0.role,
        m1_0.username 
    from
        users m1_0 
    where
        m1_0.email=?
2025-10-26T15:39:33.937+09:00 DEBUG 41703 --- [nio-8080-exec-5] o.s.s.w.a.AnonymousAuthenticationFilter  : Set SecurityContextHolder to anonymous SecurityContext
2025-10-26T15:39:33.937+09:00 DEBUG 41703 --- [nio-8080-exec-5] o.s.s.w.session.SessionManagementFilter  : Request requested invalid session id 4F0F1D84BD1AB47E00E97ADFDACDB7A8
2025-10-26T15:39:33.937+09:00 DEBUG 41703 --- [nio-8080-exec-5] o.s.security.web.FilterChainProxy        : Secured GET /api/posts/1/comments
Hibernate: 
    select
        p1_0.id,
        p1_0.content,
        p1_0.created_at,
        p1_0.dislikes,
        p1_0.likes,
        p1_0.user_id,
        p1_0.nickname,
        p1_0.title,
        p1_0.updated_at,
        p1_0.view_count 
    from
        post p1_0 
    where
        p1_0.id=?
Hibernate: 
    select
        c1_0.post_id,
        c1_0.id,
        c1_0.content,
        c1_0.created_at,
        c1_0.user_id,
        c1_0.nickname,
        c1_0.secret,
        c1_0.updated_at 
    from
        comment c1_0 
    where
        c1_0.post_id=?
2025-10-26T15:39:35.818+09:00 DEBUG 41703 --- [nio-8080-exec-7] o.s.security.web.FilterChainProxy        : Securing GET /posts
2025-10-26T15:39:35.819+09:00  INFO 41703 --- [nio-8080-exec-7] c.e.a.c.jwt.JwtAuthenticationFilter      : Resolved token: eyJhbGciOiJIUzI1NiJ9.eyJzdWIiOiJzb25nbWo1MDAwIiwiYXV0aCI6IlJPTEVfVVNFUiIsImV4cCI6MTc2MTU0MzM2NCwiZW1haWwiOiJzb25nbWo1MDAwIiwicm9sZSI6IlJPTEVfVVNFUiJ9.MoZWKeZyxiAbtwJpk_7ZxplUkO5u8mlvXMDX-n-TaDo
Hibernate: 
    select
        m1_0.user_id,
        m1_0.created_at,
        m1_0.email,
        m1_0.email_verified,
        m1_0.nickname,
        m1_0.password,
        m1_0.profile_image,
        m1_0.provider,
        m1_0.role,
        m1_0.username 
    from
        users m1_0 
    where
        m1_0.email=?
2025-10-26T15:39:35.829+09:00 DEBUG 41703 --- [nio-8080-exec-7] o.s.s.w.a.AnonymousAuthenticationFilter  : Set SecurityContextHolder to anonymous SecurityContext
2025-10-26T15:39:35.829+09:00 DEBUG 41703 --- [nio-8080-exec-7] o.s.s.w.session.SessionManagementFilter  : Request requested invalid session id 4F0F1D84BD1AB47E00E97ADFDACDB7A8
2025-10-26T15:39:35.830+09:00 DEBUG 41703 --- [nio-8080-exec-7] o.s.security.web.FilterChainProxy        : Secured GET /posts
2025-10-26T15:39:35.852+09:00 DEBUG 41703 --- [nio-8080-exec-8] o.s.security.web.FilterChainProxy        : Securing GET /api/posts
2025-10-26T15:39:35.852+09:00 DEBUG 41703 --- [io-8080-exec-10] o.s.security.web.FilterChainProxy        : Securing GET /api/users/me
2025-10-26T15:39:35.852+09:00  INFO 41703 --- [nio-8080-exec-8] c.e.a.c.jwt.JwtAuthenticationFilter      : Resolved token: eyJhbGciOiJIUzI1NiJ9.eyJzdWIiOiJzb25nbWo1MDAwIiwiYXV0aCI6IlJPTEVfVVNFUiIsImV4cCI6MTc2MTU0MzM2NCwiZW1haWwiOiJzb25nbWo1MDAwIiwicm9sZSI6IlJPTEVfVVNFUiJ9.MoZWKeZyxiAbtwJpk_7ZxplUkO5u8mlvXMDX-n-TaDo
2025-10-26T15:39:35.852+09:00  INFO 41703 --- [io-8080-exec-10] c.e.a.c.jwt.JwtAuthenticationFilter      : Resolved token: eyJhbGciOiJIUzI1NiJ9.eyJzdWIiOiJzb25nbWo1MDAwIiwiYXV0aCI6IlJPTEVfVVNFUiIsImV4cCI6MTc2MTU0MzM2NCwiZW1haWwiOiJzb25nbWo1MDAwIiwicm9sZSI6IlJPTEVfVVNFUiJ9.MoZWKeZyxiAbtwJpk_7ZxplUkO5u8mlvXMDX-n-TaDo
Hibernate: 
    select
        m1_0.user_id,
        m1_0.created_at,
        m1_0.email,
        m1_0.email_verified,
        m1_0.nickname,
        m1_0.password,
        m1_0.profile_image,
        m1_0.provider,
        m1_0.role,
        m1_0.username 
    from
        users m1_0 
    where
        m1_0.email=?
Hibernate: 
    select
        m1_0.user_id,
        m1_0.created_at,
        m1_0.email,
        m1_0.email_verified,
        m1_0.nickname,
        m1_0.password,
        m1_0.profile_image,
        m1_0.provider,
        m1_0.role,
        m1_0.username 
    from
        users m1_0 
    where
        m1_0.email=?
2025-10-26T15:39:35.858+09:00 DEBUG 41703 --- [nio-8080-exec-8] o.s.s.w.a.AnonymousAuthenticationFilter  : Set SecurityContextHolder to anonymous SecurityContext
2025-10-26T15:39:35.858+09:00 DEBUG 41703 --- [io-8080-exec-10] o.s.s.w.a.AnonymousAuthenticationFilter  : Set SecurityContextHolder to anonymous SecurityContext
2025-10-26T15:39:35.858+09:00 DEBUG 41703 --- [nio-8080-exec-8] o.s.s.w.session.SessionManagementFilter  : Request requested invalid session id 4F0F1D84BD1AB47E00E97ADFDACDB7A8
2025-10-26T15:39:35.858+09:00 DEBUG 41703 --- [io-8080-exec-10] o.s.s.w.session.SessionManagementFilter  : Request requested invalid session id 4F0F1D84BD1AB47E00E97ADFDACDB7A8
2025-10-26T15:39:35.858+09:00 DEBUG 41703 --- [nio-8080-exec-8] o.s.security.web.FilterChainProxy        : Secured GET /api/posts
Hibernate: 
    select
        p1_0.id,
        p1_0.content,
        p1_0.created_at,
        p1_0.dislikes,
        p1_0.likes,
        p1_0.user_id,
        p1_0.nickname,
        p1_0.title,
        p1_0.updated_at,
        p1_0.view_count 
    from
        post p1_0
2025-10-26T15:39:35.863+09:00 DEBUG 41703 --- [nio-8080-exec-9] o.s.security.web.FilterChainProxy        : Securing GET /favicon.ico
2025-10-26T15:39:35.864+09:00  INFO 41703 --- [nio-8080-exec-9] c.e.a.c.jwt.JwtAuthenticationFilter      : Resolved token: eyJhbGciOiJIUzI1NiJ9.eyJzdWIiOiJzb25nbWo1MDAwIiwiYXV0aCI6IlJPTEVfVVNFUiIsImV4cCI6MTc2MTU0MzM2NCwiZW1haWwiOiJzb25nbWo1MDAwIiwicm9sZSI6IlJPTEVfVVNFUiJ9.MoZWKeZyxiAbtwJpk_7ZxplUkO5u8mlvXMDX-n-TaDo
Hibernate: 
    select
        c1_0.post_id,
        c1_0.id,
        c1_0.content,
        c1_0.created_at,
        c1_0.user_id,
        c1_0.nickname,
        c1_0.secret,
        c1_0.updated_at 
    from
        comment c1_0 
    where
        c1_0.post_id=?
Hibernate: 
    select
        c1_0.post_id,
        c1_0.id,
        c1_0.content,
        c1_0.created_at,
        c1_0.user_id,
        c1_0.nickname,
        c1_0.secret,
        c1_0.updated_at 
    from
        comment c1_0 
    where
        c1_0.post_id=?
Hibernate: 
    select
        m1_0.user_id,
        m1_0.created_at,
        m1_0.email,
        m1_0.email_verified,
        m1_0.nickname,
        m1_0.password,
        m1_0.profile_image,
        m1_0.provider,
        m1_0.role,
        m1_0.username 
    from
        users m1_0 
    where
        m1_0.email=?
2025-10-26T15:39:35.869+09:00 DEBUG 41703 --- [nio-8080-exec-9] o.s.s.w.a.AnonymousAuthenticationFilter  : Set SecurityContextHolder to anonymous SecurityContext
2025-10-26T15:39:35.869+09:00 DEBUG 41703 --- [nio-8080-exec-9] o.s.s.w.session.SessionManagementFilter  : Request requested invalid session id 4F0F1D84BD1AB47E00E97ADFDACDB7A8
2025-10-26T15:39:35.871+09:00 DEBUG 41703 --- [nio-8080-exec-1] o.s.security.web.FilterChainProxy        : Securing GET /login
2025-10-26T15:39:35.871+09:00  INFO 41703 --- [nio-8080-exec-1] c.e.a.c.jwt.JwtAuthenticationFilter      : Resolved token: eyJhbGciOiJIUzI1NiJ9.eyJzdWIiOiJzb25nbWo1MDAwIiwiYXV0aCI6IlJPTEVfVVNFUiIsImV4cCI6MTc2MTU0MzM2NCwiZW1haWwiOiJzb25nbWo1MDAwIiwicm9sZSI6IlJPTEVfVVNFUiJ9.MoZWKeZyxiAbtwJpk_7ZxplUkO5u8mlvXMDX-n-TaDo
Hibernate: 
    select
        m1_0.user_id,
        m1_0.created_at,
        m1_0.email,
        m1_0.email_verified,
        m1_0.nickname,
        m1_0.password,
        m1_0.profile_image,
        m1_0.provider,
        m1_0.role,
        m1_0.username 
    from
        users m1_0 
    where
        m1_0.email=?
2025-10-26T15:39:35.875+09:00 DEBUG 41703 --- [nio-8080-exec-1] o.s.s.w.a.AnonymousAuthenticationFilter  : Set SecurityContextHolder to anonymous SecurityContext
2025-10-26T15:39:35.875+09:00 DEBUG 41703 --- [nio-8080-exec-1] o.s.s.w.session.SessionManagementFilter  : Request requested invalid session id 4F0F1D84BD1AB47E00E97ADFDACDB7A8
2025-10-26T15:39:35.875+09:00 DEBUG 41703 --- [nio-8080-exec-1] o.s.security.web.FilterChainProxy        : Secured GET /login
2025-10-26T15:39:36.484+09:00 DEBUG 41703 --- [nio-8080-exec-2] o.s.security.web.FilterChainProxy        : Securing GET /
2025-10-26T15:39:36.484+09:00  INFO 41703 --- [nio-8080-exec-2] c.e.a.c.jwt.JwtAuthenticationFilter      : Resolved token: eyJhbGciOiJIUzI1NiJ9.eyJzdWIiOiJzb25nbWo1MDAwIiwiYXV0aCI6IlJPTEVfVVNFUiIsImV4cCI6MTc2MTU0MzM2NCwiZW1haWwiOiJzb25nbWo1MDAwIiwicm9sZSI6IlJPTEVfVVNFUiJ9.MoZWKeZyxiAbtwJpk_7ZxplUkO5u8mlvXMDX-n-TaDo
Hibernate: 
    select
        m1_0.user_id,
        m1_0.created_at,
        m1_0.email,
        m1_0.email_verified,
        m1_0.nickname,
        m1_0.password,
        m1_0.profile_image,
        m1_0.provider,
        m1_0.role,
        m1_0.username 
    from
        users m1_0 
    where
        m1_0.email=?
2025-10-26T15:39:36.494+09:00 DEBUG 41703 --- [nio-8080-exec-2] o.s.s.w.a.AnonymousAuthenticationFilter  : Set SecurityContextHolder to anonymous SecurityContext
2025-10-26T15:39:36.494+09:00 DEBUG 41703 --- [nio-8080-exec-2] o.s.s.w.session.SessionManagementFilter  : Request requested invalid session id 4F0F1D84BD1AB47E00E97ADFDACDB7A8
2025-10-26T15:39:36.494+09:00 DEBUG 41703 --- [nio-8080-exec-2] o.s.security.web.FilterChainProxy        : Secured GET /
2025-10-26T15:39:36.539+09:00 DEBUG 41703 --- [nio-8080-exec-4] o.s.security.web.FilterChainProxy        : Securing GET /api/users/me
2025-10-26T15:39:36.539+09:00  INFO 41703 --- [nio-8080-exec-4] c.e.a.c.jwt.JwtAuthenticationFilter      : Resolved token: eyJhbGciOiJIUzI1NiJ9.eyJzdWIiOiJzb25nbWo1MDAwIiwiYXV0aCI6IlJPTEVfVVNFUiIsImV4cCI6MTc2MTU0MzM2NCwiZW1haWwiOiJzb25nbWo1MDAwIiwicm9sZSI6IlJPTEVfVVNFUiJ9.MoZWKeZyxiAbtwJpk_7ZxplUkO5u8mlvXMDX-n-TaDo
Hibernate: 
    select
        m1_0.user_id,
        m1_0.created_at,
        m1_0.email,
        m1_0.email_verified,
        m1_0.nickname,
        m1_0.password,
        m1_0.profile_image,
        m1_0.provider,
        m1_0.role,
        m1_0.username 
    from
        users m1_0 
    where
        m1_0.email=?
2025-10-26T15:39:36.544+09:00 DEBUG 41703 --- [nio-8080-exec-4] o.s.s.w.a.AnonymousAuthenticationFilter  : Set SecurityContextHolder to anonymous SecurityContext
2025-10-26T15:39:36.544+09:00 DEBUG 41703 --- [nio-8080-exec-4] o.s.s.w.session.SessionManagementFilter  : Request requested invalid session id 4F0F1D84BD1AB47E00E97ADFDACDB7A8
2025-10-26T15:39:36.549+09:00 DEBUG 41703 --- [nio-8080-exec-3] o.s.security.web.FilterChainProxy        : Securing GET /favicon.ico
2025-10-26T15:39:36.549+09:00  INFO 41703 --- [nio-8080-exec-3] c.e.a.c.jwt.JwtAuthenticationFilter      : Resolved token: eyJhbGciOiJIUzI1NiJ9.eyJzdWIiOiJzb25nbWo1MDAwIiwiYXV0aCI6IlJPTEVfVVNFUiIsImV4cCI6MTc2MTU0MzM2NCwiZW1haWwiOiJzb25nbWo1MDAwIiwicm9sZSI6IlJPTEVfVVNFUiJ9.MoZWKeZyxiAbtwJpk_7ZxplUkO5u8mlvXMDX-n-TaDo
Hibernate: 
    select
        m1_0.user_id,
        m1_0.created_at,
        m1_0.email,
        m1_0.email_verified,
        m1_0.nickname,
        m1_0.password,
        m1_0.profile_image,
        m1_0.provider,
        m1_0.role,
        m1_0.username 
    from
        users m1_0 
    where
        m1_0.email=?
2025-10-26T15:39:36.554+09:00 DEBUG 41703 --- [nio-8080-exec-3] o.s.s.w.a.AnonymousAuthenticationFilter  : Set SecurityContextHolder to anonymous SecurityContext
2025-10-26T15:39:36.555+09:00 DEBUG 41703 --- [nio-8080-exec-3] o.s.s.w.session.SessionManagementFilter  : Request requested invalid session id 4F0F1D84BD1AB47E00E97ADFDACDB7A8
2025-10-26T15:39:36.556+09:00 DEBUG 41703 --- [nio-8080-exec-6] o.s.security.web.FilterChainProxy        : Securing GET /login
2025-10-26T15:39:36.557+09:00  INFO 41703 --- [nio-8080-exec-6] c.e.a.c.jwt.JwtAuthenticationFilter      : Resolved token: eyJhbGciOiJIUzI1NiJ9.eyJzdWIiOiJzb25nbWo1MDAwIiwiYXV0aCI6IlJPTEVfVVNFUiIsImV4cCI6MTc2MTU0MzM2NCwiZW1haWwiOiJzb25nbWo1MDAwIiwicm9sZSI6IlJPTEVfVVNFUiJ9.MoZWKeZyxiAbtwJpk_7ZxplUkO5u8mlvXMDX-n-TaDo
Hibernate: 
    select
        m1_0.user_id,
        m1_0.created_at,
        m1_0.email,
        m1_0.email_verified,
        m1_0.nickname,
        m1_0.password,
        m1_0.profile_image,
        m1_0.provider,
        m1_0.role,
        m1_0.username 
    from
        users m1_0 
    where
        m1_0.email=?
2025-10-26T15:39:36.561+09:00 DEBUG 41703 --- [nio-8080-exec-6] o.s.s.w.a.AnonymousAuthenticationFilter  : Set SecurityContextHolder to anonymous SecurityContext
2025-10-26T15:39:36.561+09:00 DEBUG 41703 --- [nio-8080-exec-6] o.s.s.w.session.SessionManagementFilter  : Request requested invalid session id 4F0F1D84BD1AB47E00E97ADFDACDB7A8
2025-10-26T15:39:36.561+09:00 DEBUG 41703 --- [nio-8080-exec-6] o.s.security.web.FilterChainProxy        : Secured GET /login
2025-10-26T15:39:38.159+09:00 DEBUG 41703 --- [nio-8080-exec-5] o.s.security.web.FilterChainProxy        : Securing GET /posts
2025-10-26T15:39:38.159+09:00  INFO 41703 --- [nio-8080-exec-5] c.e.a.c.jwt.JwtAuthenticationFilter      : Resolved token: eyJhbGciOiJIUzI1NiJ9.eyJzdWIiOiJzb25nbWo1MDAwIiwiYXV0aCI6IlJPTEVfVVNFUiIsImV4cCI6MTc2MTU0MzM2NCwiZW1haWwiOiJzb25nbWo1MDAwIiwicm9sZSI6IlJPTEVfVVNFUiJ9.MoZWKeZyxiAbtwJpk_7ZxplUkO5u8mlvXMDX-n-TaDo
Hibernate: 
    select
        m1_0.user_id,
        m1_0.created_at,
        m1_0.email,
        m1_0.email_verified,
        m1_0.nickname,
        m1_0.password,
        m1_0.profile_image,
        m1_0.provider,
        m1_0.role,
        m1_0.username 
    from
        users m1_0 
    where
        m1_0.email=?
2025-10-26T15:39:38.165+09:00 DEBUG 41703 --- [nio-8080-exec-5] o.s.s.w.a.AnonymousAuthenticationFilter  : Set SecurityContextHolder to anonymous SecurityContext
2025-10-26T15:39:38.165+09:00 DEBUG 41703 --- [nio-8080-exec-5] o.s.s.w.session.SessionManagementFilter  : Request requested invalid session id 4F0F1D84BD1AB47E00E97ADFDACDB7A8
2025-10-26T15:39:38.165+09:00 DEBUG 41703 --- [nio-8080-exec-5] o.s.security.web.FilterChainProxy        : Secured GET /posts
2025-10-26T15:39:38.183+09:00 DEBUG 41703 --- [io-8080-exec-10] o.s.security.web.FilterChainProxy        : Securing GET /api/posts
2025-10-26T15:39:38.183+09:00 DEBUG 41703 --- [nio-8080-exec-7] o.s.security.web.FilterChainProxy        : Securing GET /api/users/me
2025-10-26T15:39:38.183+09:00  INFO 41703 --- [io-8080-exec-10] c.e.a.c.jwt.JwtAuthenticationFilter      : Resolved token: eyJhbGciOiJIUzI1NiJ9.eyJzdWIiOiJzb25nbWo1MDAwIiwiYXV0aCI6IlJPTEVfVVNFUiIsImV4cCI6MTc2MTU0MzM2NCwiZW1haWwiOiJzb25nbWo1MDAwIiwicm9sZSI6IlJPTEVfVVNFUiJ9.MoZWKeZyxiAbtwJpk_7ZxplUkO5u8mlvXMDX-n-TaDo
2025-10-26T15:39:38.183+09:00  INFO 41703 --- [nio-8080-exec-7] c.e.a.c.jwt.JwtAuthenticationFilter      : Resolved token: eyJhbGciOiJIUzI1NiJ9.eyJzdWIiOiJzb25nbWo1MDAwIiwiYXV0aCI6IlJPTEVfVVNFUiIsImV4cCI6MTc2MTU0MzM2NCwiZW1haWwiOiJzb25nbWo1MDAwIiwicm9sZSI6IlJPTEVfVVNFUiJ9.MoZWKeZyxiAbtwJpk_7ZxplUkO5u8mlvXMDX-n-TaDo
Hibernate: 
    select
        m1_0.user_id,
        m1_0.created_at,
        m1_0.email,
        m1_0.email_verified,
        m1_0.nickname,
        m1_0.password,
        m1_0.profile_image,
        m1_0.provider,
        m1_0.role,
        m1_0.username 
    from
        users m1_0 
    where
        m1_0.email=?
Hibernate: 
    select
        m1_0.user_id,
        m1_0.created_at,
        m1_0.email,
        m1_0.email_verified,
        m1_0.nickname,
        m1_0.password,
        m1_0.profile_image,
        m1_0.provider,
        m1_0.role,
        m1_0.username 
    from
        users m1_0 
    where
        m1_0.email=?
2025-10-26T15:39:38.190+09:00 DEBUG 41703 --- [io-8080-exec-10] o.s.s.w.a.AnonymousAuthenticationFilter  : Set SecurityContextHolder to anonymous SecurityContext
2025-10-26T15:39:38.190+09:00 DEBUG 41703 --- [nio-8080-exec-7] o.s.s.w.a.AnonymousAuthenticationFilter  : Set SecurityContextHolder to anonymous SecurityContext
2025-10-26T15:39:38.190+09:00 DEBUG 41703 --- [io-8080-exec-10] o.s.s.w.session.SessionManagementFilter  : Request requested invalid session id 4F0F1D84BD1AB47E00E97ADFDACDB7A8
2025-10-26T15:39:38.190+09:00 DEBUG 41703 --- [nio-8080-exec-7] o.s.s.w.session.SessionManagementFilter  : Request requested invalid session id 4F0F1D84BD1AB47E00E97ADFDACDB7A8
2025-10-26T15:39:38.190+09:00 DEBUG 41703 --- [io-8080-exec-10] o.s.security.web.FilterChainProxy        : Secured GET /api/posts
Hibernate: 
    select
        p1_0.id,
        p1_0.content,
        p1_0.created_at,
        p1_0.dislikes,
        p1_0.likes,
        p1_0.user_id,
        p1_0.nickname,
        p1_0.title,
        p1_0.updated_at,
        p1_0.view_count 
    from
        post p1_0
Hibernate: 
    select
        c1_0.post_id,
        c1_0.id,
        c1_0.content,
        c1_0.created_at,
        c1_0.user_id,
        c1_0.nickname,
        c1_0.secret,
        c1_0.updated_at 
    from
        comment c1_0 
    where
        c1_0.post_id=?
Hibernate: 
    select
        c1_0.post_id,
        c1_0.id,
        c1_0.content,
        c1_0.created_at,
        c1_0.user_id,
        c1_0.nickname,
        c1_0.secret,
        c1_0.updated_at 
    from
        comment c1_0 
    where
        c1_0.post_id=?
2025-10-26T15:39:38.204+09:00 DEBUG 41703 --- [nio-8080-exec-9] o.s.security.web.FilterChainProxy        : Securing GET /favicon.ico
2025-10-26T15:39:38.204+09:00  INFO 41703 --- [nio-8080-exec-9] c.e.a.c.jwt.JwtAuthenticationFilter      : Resolved token: eyJhbGciOiJIUzI1NiJ9.eyJzdWIiOiJzb25nbWo1MDAwIiwiYXV0aCI6IlJPTEVfVVNFUiIsImV4cCI6MTc2MTU0MzM2NCwiZW1haWwiOiJzb25nbWo1MDAwIiwicm9sZSI6IlJPTEVfVVNFUiJ9.MoZWKeZyxiAbtwJpk_7ZxplUkO5u8mlvXMDX-n-TaDo
Hibernate: 
    select
        m1_0.user_id,
        m1_0.created_at,
        m1_0.email,
        m1_0.email_verified,
        m1_0.nickname,
        m1_0.password,
        m1_0.profile_image,
        m1_0.provider,
        m1_0.role,
        m1_0.username 
    from
        users m1_0 
    where
        m1_0.email=?
2025-10-26T15:39:38.209+09:00 DEBUG 41703 --- [nio-8080-exec-9] o.s.s.w.a.AnonymousAuthenticationFilter  : Set SecurityContextHolder to anonymous SecurityContext
2025-10-26T15:39:38.209+09:00 DEBUG 41703 --- [nio-8080-exec-9] o.s.s.w.session.SessionManagementFilter  : Request requested invalid session id 4F0F1D84BD1AB47E00E97ADFDACDB7A8
2025-10-26T15:39:38.211+09:00 DEBUG 41703 --- [nio-8080-exec-8] o.s.security.web.FilterChainProxy        : Securing GET /login
2025-10-26T15:39:38.211+09:00  INFO 41703 --- [nio-8080-exec-8] c.e.a.c.jwt.JwtAuthenticationFilter      : Resolved token: eyJhbGciOiJIUzI1NiJ9.eyJzdWIiOiJzb25nbWo1MDAwIiwiYXV0aCI6IlJPTEVfVVNFUiIsImV4cCI6MTc2MTU0MzM2NCwiZW1haWwiOiJzb25nbWo1MDAwIiwicm9sZSI6IlJPTEVfVVNFUiJ9.MoZWKeZyxiAbtwJpk_7ZxplUkO5u8mlvXMDX-n-TaDo
Hibernate: 
    select
        m1_0.user_id,
        m1_0.created_at,
        m1_0.email,
        m1_0.email_verified,
        m1_0.nickname,
        m1_0.password,
        m1_0.profile_image,
        m1_0.provider,
        m1_0.role,
        m1_0.username 
    from
        users m1_0 
    where
        m1_0.email=?
2025-10-26T15:39:38.215+09:00 DEBUG 41703 --- [nio-8080-exec-8] o.s.s.w.a.AnonymousAuthenticationFilter  : Set SecurityContextHolder to anonymous SecurityContext
2025-10-26T15:39:38.216+09:00 DEBUG 41703 --- [nio-8080-exec-8] o.s.s.w.session.SessionManagementFilter  : Request requested invalid session id 4F0F1D84BD1AB47E00E97ADFDACDB7A8
2025-10-26T15:39:38.216+09:00 DEBUG 41703 --- [nio-8080-exec-8] o.s.security.web.FilterChainProxy        : Secured GET /login
2025-10-26T15:39:40.094+09:00 DEBUG 41703 --- [nio-8080-exec-4] o.s.security.web.FilterChainProxy        : Securing GET /api/posts
2025-10-26T15:39:40.094+09:00  INFO 41703 --- [nio-8080-exec-4] c.e.a.c.jwt.JwtAuthenticationFilter      : Resolved token: eyJhbGciOiJIUzI1NiJ9.eyJzdWIiOiJzb25nbWo1MDAwIiwiYXV0aCI6IlJPTEVfVVNFUiIsImV4cCI6MTc2MTU0MzM2NCwiZW1haWwiOiJzb25nbWo1MDAwIiwicm9sZSI6IlJPTEVfVVNFUiJ9.MoZWKeZyxiAbtwJpk_7ZxplUkO5u8mlvXMDX-n-TaDo
Hibernate: 
    select
        m1_0.user_id,
        m1_0.created_at,
        m1_0.email,
        m1_0.email_verified,
        m1_0.nickname,
        m1_0.password,
        m1_0.profile_image,
        m1_0.provider,
        m1_0.role,
        m1_0.username 
    from
        users m1_0 
    where
        m1_0.email=?
2025-10-26T15:39:40.100+09:00 DEBUG 41703 --- [nio-8080-exec-4] o.s.s.w.a.AnonymousAuthenticationFilter  : Set SecurityContextHolder to anonymous SecurityContext
2025-10-26T15:39:40.100+09:00 DEBUG 41703 --- [nio-8080-exec-4] o.s.s.w.session.SessionManagementFilter  : Request requested invalid session id 4F0F1D84BD1AB47E00E97ADFDACDB7A8
2025-10-26T15:39:40.100+09:00 DEBUG 41703 --- [nio-8080-exec-4] o.s.security.web.FilterChainProxy        : Secured GET /api/posts
Hibernate: 
    select
        p1_0.id,
        p1_0.content,
        p1_0.created_at,
        p1_0.dislikes,
        p1_0.likes,
        p1_0.user_id,
        p1_0.nickname,
        p1_0.title,
        p1_0.updated_at,
        p1_0.view_count 
    from
        post p1_0
Hibernate: 
    select
        c1_0.post_id,
        c1_0.id,
        c1_0.content,
        c1_0.created_at,
        c1_0.user_id,
        c1_0.nickname,
        c1_0.secret,
        c1_0.updated_at 
    from
        comment c1_0 
    where
        c1_0.post_id=?
Hibernate: 
    select
        c1_0.post_id,
        c1_0.id,
        c1_0.content,
        c1_0.created_at,
        c1_0.user_id,
        c1_0.nickname,
        c1_0.secret,
        c1_0.updated_at 
    from
        comment c1_0 
    where
        c1_0.post_id=?
2025-10-26T15:39:40.783+09:00 DEBUG 41703 --- [nio-8080-exec-3] o.s.security.web.FilterChainProxy        : Securing GET /posts/1
2025-10-26T15:39:40.783+09:00  INFO 41703 --- [nio-8080-exec-3] c.e.a.c.jwt.JwtAuthenticationFilter      : Resolved token: eyJhbGciOiJIUzI1NiJ9.eyJzdWIiOiJzb25nbWo1MDAwIiwiYXV0aCI6IlJPTEVfVVNFUiIsImV4cCI6MTc2MTU0MzM2NCwiZW1haWwiOiJzb25nbWo1MDAwIiwicm9sZSI6IlJPTEVfVVNFUiJ9.MoZWKeZyxiAbtwJpk_7ZxplUkO5u8mlvXMDX-n-TaDo
Hibernate: 
    select
        m1_0.user_id,
        m1_0.created_at,
        m1_0.email,
        m1_0.email_verified,
        m1_0.nickname,
        m1_0.password,
        m1_0.profile_image,
        m1_0.provider,
        m1_0.role,
        m1_0.username 
    from
        users m1_0 
    where
        m1_0.email=?
2025-10-26T15:39:40.788+09:00 DEBUG 41703 --- [nio-8080-exec-3] o.s.s.w.a.AnonymousAuthenticationFilter  : Set SecurityContextHolder to anonymous SecurityContext
2025-10-26T15:39:40.788+09:00 DEBUG 41703 --- [nio-8080-exec-3] o.s.s.w.session.SessionManagementFilter  : Request requested invalid session id 4F0F1D84BD1AB47E00E97ADFDACDB7A8
2025-10-26T15:39:40.788+09:00 DEBUG 41703 --- [nio-8080-exec-3] o.s.security.web.FilterChainProxy        : Secured GET /posts/1
2025-10-26T15:39:40.800+09:00 DEBUG 41703 --- [nio-8080-exec-5] o.s.security.web.FilterChainProxy        : Securing GET /api/posts/1
2025-10-26T15:39:40.800+09:00 DEBUG 41703 --- [nio-8080-exec-6] o.s.security.web.FilterChainProxy        : Securing GET /api/users/me
2025-10-26T15:39:40.801+09:00  INFO 41703 --- [nio-8080-exec-6] c.e.a.c.jwt.JwtAuthenticationFilter      : Resolved token: eyJhbGciOiJIUzI1NiJ9.eyJzdWIiOiJzb25nbWo1MDAwIiwiYXV0aCI6IlJPTEVfVVNFUiIsImV4cCI6MTc2MTU0MzM2NCwiZW1haWwiOiJzb25nbWo1MDAwIiwicm9sZSI6IlJPTEVfVVNFUiJ9.MoZWKeZyxiAbtwJpk_7ZxplUkO5u8mlvXMDX-n-TaDo
2025-10-26T15:39:40.801+09:00  INFO 41703 --- [nio-8080-exec-5] c.e.a.c.jwt.JwtAuthenticationFilter      : Resolved token: eyJhbGciOiJIUzI1NiJ9.eyJzdWIiOiJzb25nbWo1MDAwIiwiYXV0aCI6IlJPTEVfVVNFUiIsImV4cCI6MTc2MTU0MzM2NCwiZW1haWwiOiJzb25nbWo1MDAwIiwicm9sZSI6IlJPTEVfVVNFUiJ9.MoZWKeZyxiAbtwJpk_7ZxplUkO5u8mlvXMDX-n-TaDo
Hibernate: 
    select
        m1_0.user_id,
        m1_0.created_at,
        m1_0.email,
        m1_0.email_verified,
        m1_0.nickname,
        m1_0.password,
        m1_0.profile_image,
        m1_0.provider,
        m1_0.role,
        m1_0.username 
    from
        users m1_0 
    where
        m1_0.email=?
Hibernate: 
    select
        m1_0.user_id,
        m1_0.created_at,
        m1_0.email,
        m1_0.email_verified,
        m1_0.nickname,
        m1_0.password,
        m1_0.profile_image,
        m1_0.provider,
        m1_0.role,
        m1_0.username 
    from
        users m1_0 
    where
        m1_0.email=?
2025-10-26T15:39:40.805+09:00 DEBUG 41703 --- [nio-8080-exec-6] o.s.s.w.a.AnonymousAuthenticationFilter  : Set SecurityContextHolder to anonymous SecurityContext
2025-10-26T15:39:40.805+09:00 DEBUG 41703 --- [nio-8080-exec-5] o.s.s.w.a.AnonymousAuthenticationFilter  : Set SecurityContextHolder to anonymous SecurityContext
2025-10-26T15:39:40.806+09:00 DEBUG 41703 --- [nio-8080-exec-6] o.s.s.w.session.SessionManagementFilter  : Request requested invalid session id 4F0F1D84BD1AB47E00E97ADFDACDB7A8
2025-10-26T15:39:40.806+09:00 DEBUG 41703 --- [nio-8080-exec-5] o.s.s.w.session.SessionManagementFilter  : Request requested invalid session id 4F0F1D84BD1AB47E00E97ADFDACDB7A8
2025-10-26T15:39:40.806+09:00 DEBUG 41703 --- [nio-8080-exec-5] o.s.security.web.FilterChainProxy        : Secured GET /api/posts/1
Hibernate: 
    select
        p1_0.id,
        p1_0.content,
        p1_0.created_at,
        p1_0.dislikes,
        p1_0.likes,
        p1_0.user_id,
        p1_0.nickname,
        p1_0.title,
        p1_0.updated_at,
        p1_0.view_count 
    from
        post p1_0 
    where
        p1_0.id=?
2025-10-26T15:39:40.809+09:00 DEBUG 41703 --- [nio-8080-exec-7] o.s.security.web.FilterChainProxy        : Securing GET /favicon.ico
2025-10-26T15:39:40.809+09:00  INFO 41703 --- [nio-8080-exec-7] c.e.a.c.jwt.JwtAuthenticationFilter      : Resolved token: eyJhbGciOiJIUzI1NiJ9.eyJzdWIiOiJzb25nbWo1MDAwIiwiYXV0aCI6IlJPTEVfVVNFUiIsImV4cCI6MTc2MTU0MzM2NCwiZW1haWwiOiJzb25nbWo1MDAwIiwicm9sZSI6IlJPTEVfVVNFUiJ9.MoZWKeZyxiAbtwJpk_7ZxplUkO5u8mlvXMDX-n-TaDo
Hibernate: 
    update
        post 
    set
        content=?,
        dislikes=?,
        likes=?,
        user_id=?,
        nickname=?,
        title=?,
        updated_at=?,
        view_count=? 
    where
        id=?
Hibernate: 
    select
        m1_0.user_id,
        m1_0.created_at,
        m1_0.email,
        m1_0.email_verified,
        m1_0.nickname,
        m1_0.password,
        m1_0.profile_image,
        m1_0.provider,
        m1_0.role,
        m1_0.username 
    from
        users m1_0 
    where
        m1_0.email=?
Hibernate: 
    select
        c1_0.post_id,
        c1_0.id,
        c1_0.content,
        c1_0.created_at,
        c1_0.user_id,
        c1_0.nickname,
        c1_0.secret,
        c1_0.updated_at 
    from
        comment c1_0 
    where
        c1_0.post_id=?
2025-10-26T15:39:40.817+09:00 DEBUG 41703 --- [nio-8080-exec-7] o.s.s.w.a.AnonymousAuthenticationFilter  : Set SecurityContextHolder to anonymous SecurityContext
2025-10-26T15:39:40.817+09:00 DEBUG 41703 --- [nio-8080-exec-7] o.s.s.w.session.SessionManagementFilter  : Request requested invalid session id 4F0F1D84BD1AB47E00E97ADFDACDB7A8
2025-10-26T15:39:40.823+09:00 DEBUG 41703 --- [io-8080-exec-10] o.s.security.web.FilterChainProxy        : Securing GET /login
2025-10-26T15:39:40.823+09:00 DEBUG 41703 --- [nio-8080-exec-9] o.s.security.web.FilterChainProxy        : Securing GET /api/posts/1/comments
2025-10-26T15:39:40.823+09:00  INFO 41703 --- [io-8080-exec-10] c.e.a.c.jwt.JwtAuthenticationFilter      : Resolved token: eyJhbGciOiJIUzI1NiJ9.eyJzdWIiOiJzb25nbWo1MDAwIiwiYXV0aCI6IlJPTEVfVVNFUiIsImV4cCI6MTc2MTU0MzM2NCwiZW1haWwiOiJzb25nbWo1MDAwIiwicm9sZSI6IlJPTEVfVVNFUiJ9.MoZWKeZyxiAbtwJpk_7ZxplUkO5u8mlvXMDX-n-TaDo
2025-10-26T15:39:40.823+09:00  INFO 41703 --- [nio-8080-exec-9] c.e.a.c.jwt.JwtAuthenticationFilter      : Resolved token: eyJhbGciOiJIUzI1NiJ9.eyJzdWIiOiJzb25nbWo1MDAwIiwiYXV0aCI6IlJPTEVfVVNFUiIsImV4cCI6MTc2MTU0MzM2NCwiZW1haWwiOiJzb25nbWo1MDAwIiwicm9sZSI6IlJPTEVfVVNFUiJ9.MoZWKeZyxiAbtwJpk_7ZxplUkO5u8mlvXMDX-n-TaDo
Hibernate: 
    select
        m1_0.user_id,
        m1_0.created_at,
        m1_0.email,
        m1_0.email_verified,
        m1_0.nickname,
        m1_0.password,
        m1_0.profile_image,
        m1_0.provider,
        m1_0.role,
        m1_0.username 
    from
        users m1_0 
    where
        m1_0.email=?
Hibernate: 
    select
        m1_0.user_id,
        m1_0.created_at,
        m1_0.email,
        m1_0.email_verified,
        m1_0.nickname,
        m1_0.password,
        m1_0.profile_image,
        m1_0.provider,
        m1_0.role,
        m1_0.username 
    from
        users m1_0 
    where
        m1_0.email=?
2025-10-26T15:39:40.828+09:00 DEBUG 41703 --- [io-8080-exec-10] o.s.s.w.a.AnonymousAuthenticationFilter  : Set SecurityContextHolder to anonymous SecurityContext
2025-10-26T15:39:40.828+09:00 DEBUG 41703 --- [nio-8080-exec-9] o.s.s.w.a.AnonymousAuthenticationFilter  : Set SecurityContextHolder to anonymous SecurityContext
2025-10-26T15:39:40.828+09:00 DEBUG 41703 --- [io-8080-exec-10] o.s.s.w.session.SessionManagementFilter  : Request requested invalid session id 4F0F1D84BD1AB47E00E97ADFDACDB7A8
2025-10-26T15:39:40.828+09:00 DEBUG 41703 --- [nio-8080-exec-9] o.s.s.w.session.SessionManagementFilter  : Request requested invalid session id 4F0F1D84BD1AB47E00E97ADFDACDB7A8
2025-10-26T15:39:40.828+09:00 DEBUG 41703 --- [io-8080-exec-10] o.s.security.web.FilterChainProxy        : Secured GET /login
2025-10-26T15:39:40.828+09:00 DEBUG 41703 --- [nio-8080-exec-9] o.s.security.web.FilterChainProxy        : Secured GET /api/posts/1/comments
Hibernate: 
    select
        p1_0.id,
        p1_0.content,
        p1_0.created_at,
        p1_0.dislikes,
        p1_0.likes,
        p1_0.user_id,
        p1_0.nickname,
        p1_0.title,
        p1_0.updated_at,
        p1_0.view_count 
    from
        post p1_0 
    where
        p1_0.id=?
Hibernate: 
    select
        c1_0.post_id,
        c1_0.id,
        c1_0.content,
        c1_0.created_at,
        c1_0.user_id,
        c1_0.nickname,
        c1_0.secret,
        c1_0.updated_at 
    from
        comment c1_0 
    where
        c1_0.post_id=?
2025-10-26T15:39:41.971+09:00 DEBUG 41703 --- [nio-8080-exec-8] o.s.security.web.FilterChainProxy        : Securing POST /api/posts/1/vote
2025-10-26T15:39:41.971+09:00  INFO 41703 --- [nio-8080-exec-8] c.e.a.c.jwt.JwtAuthenticationFilter      : Resolved token: eyJhbGciOiJIUzI1NiJ9.eyJzdWIiOiJzb25nbWo1MDAwIiwiYXV0aCI6IlJPTEVfVVNFUiIsImV4cCI6MTc2MTU0MzM2NCwiZW1haWwiOiJzb25nbWo1MDAwIiwicm9sZSI6IlJPTEVfVVNFUiJ9.MoZWKeZyxiAbtwJpk_7ZxplUkO5u8mlvXMDX-n-TaDo
Hibernate: 
    select
        m1_0.user_id,
        m1_0.created_at,
        m1_0.email,
        m1_0.email_verified,
        m1_0.nickname,
        m1_0.password,
        m1_0.profile_image,
        m1_0.provider,
        m1_0.role,
        m1_0.username 
    from
        users m1_0 
    where
        m1_0.email=?
2025-10-26T15:39:41.982+09:00 DEBUG 41703 --- [nio-8080-exec-8] o.s.s.w.a.AnonymousAuthenticationFilter  : Set SecurityContextHolder to anonymous SecurityContext
2025-10-26T15:39:41.982+09:00 DEBUG 41703 --- [nio-8080-exec-8] o.s.s.w.session.SessionManagementFilter  : Request requested invalid session id 4F0F1D84BD1AB47E00E97ADFDACDB7A8
2025-10-26T15:39:43.559+09:00 DEBUG 41703 --- [nio-8080-exec-4] o.s.security.web.FilterChainProxy        : Securing GET /api/posts/1
2025-10-26T15:39:43.559+09:00 DEBUG 41703 --- [nio-8080-exec-3] o.s.security.web.FilterChainProxy        : Securing GET /login
2025-10-26T15:39:43.560+09:00  INFO 41703 --- [nio-8080-exec-4] c.e.a.c.jwt.JwtAuthenticationFilter      : Resolved token: eyJhbGciOiJIUzI1NiJ9.eyJzdWIiOiJzb25nbWo1MDAwIiwiYXV0aCI6IlJPTEVfVVNFUiIsImV4cCI6MTc2MTU0MzM2NCwiZW1haWwiOiJzb25nbWo1MDAwIiwicm9sZSI6IlJPTEVfVVNFUiJ9.MoZWKeZyxiAbtwJpk_7ZxplUkO5u8mlvXMDX-n-TaDo
2025-10-26T15:39:43.560+09:00  INFO 41703 --- [nio-8080-exec-3] c.e.a.c.jwt.JwtAuthenticationFilter      : Resolved token: eyJhbGciOiJIUzI1NiJ9.eyJzdWIiOiJzb25nbWo1MDAwIiwiYXV0aCI6IlJPTEVfVVNFUiIsImV4cCI6MTc2MTU0MzM2NCwiZW1haWwiOiJzb25nbWo1MDAwIiwicm9sZSI6IlJPTEVfVVNFUiJ9.MoZWKeZyxiAbtwJpk_7ZxplUkO5u8mlvXMDX-n-TaDo
Hibernate: 
    select
        m1_0.user_id,
        m1_0.created_at,
        m1_0.email,
        m1_0.email_verified,
        m1_0.nickname,
        m1_0.password,
        m1_0.profile_image,
        m1_0.provider,
        m1_0.role,
        m1_0.username 
    from
        users m1_0 
    where
        m1_0.email=?
Hibernate: 
    select
        m1_0.user_id,
        m1_0.created_at,
        m1_0.email,
        m1_0.email_verified,
        m1_0.nickname,
        m1_0.password,
        m1_0.profile_image,
        m1_0.provider,
        m1_0.role,
        m1_0.username 
    from
        users m1_0 
    where
        m1_0.email=?
2025-10-26T15:39:43.569+09:00 DEBUG 41703 --- [nio-8080-exec-3] o.s.s.w.a.AnonymousAuthenticationFilter  : Set SecurityContextHolder to anonymous SecurityContext
2025-10-26T15:39:43.570+09:00 DEBUG 41703 --- [nio-8080-exec-3] o.s.s.w.session.SessionManagementFilter  : Request requested invalid session id 4F0F1D84BD1AB47E00E97ADFDACDB7A8
2025-10-26T15:39:43.570+09:00 DEBUG 41703 --- [nio-8080-exec-3] o.s.security.web.FilterChainProxy        : Secured GET /login
2025-10-26T15:39:43.569+09:00 DEBUG 41703 --- [nio-8080-exec-4] o.s.s.w.a.AnonymousAuthenticationFilter  : Set SecurityContextHolder to anonymous SecurityContext
2025-10-26T15:39:43.570+09:00 DEBUG 41703 --- [nio-8080-exec-4] o.s.s.w.session.SessionManagementFilter  : Request requested invalid session id 4F0F1D84BD1AB47E00E97ADFDACDB7A8
2025-10-26T15:39:43.570+09:00 DEBUG 41703 --- [nio-8080-exec-4] o.s.security.web.FilterChainProxy        : Secured GET /api/posts/1
Hibernate: 
    select
        p1_0.id,
        p1_0.content,
        p1_0.created_at,
        p1_0.dislikes,
        p1_0.likes,
        p1_0.user_id,
        p1_0.nickname,
        p1_0.title,
        p1_0.updated_at,
        p1_0.view_count 
    from
        post p1_0 
    where
        p1_0.id=?
Hibernate: 
    update
        post 
    set
        content=?,
        dislikes=?,
        likes=?,
        user_id=?,
        nickname=?,
        title=?,
        updated_at=?,
        view_count=? 
    where
        id=?
Hibernate: 
    select
        c1_0.post_id,
        c1_0.id,
        c1_0.content,
        c1_0.created_at,
        c1_0.user_id,
        c1_0.nickname,
        c1_0.secret,
        c1_0.updated_at 
    from
        comment c1_0 
    where
        c1_0.post_id=?
2025-10-26T15:39:45.089+09:00 DEBUG 41703 --- [nio-8080-exec-6] o.s.security.web.FilterChainProxy        : Securing GET /favicon.ico
2025-10-26T15:39:45.090+09:00  INFO 41703 --- [nio-8080-exec-6] c.e.a.c.jwt.JwtAuthenticationFilter      : Resolved token: eyJhbGciOiJIUzI1NiJ9.eyJzdWIiOiJzb25nbWo1MDAwIiwiYXV0aCI6IlJPTEVfVVNFUiIsImV4cCI6MTc2MTU0MzM2NCwiZW1haWwiOiJzb25nbWo1MDAwIiwicm9sZSI6IlJPTEVfVVNFUiJ9.MoZWKeZyxiAbtwJpk_7ZxplUkO5u8mlvXMDX-n-TaDo
Hibernate: 
    select
        m1_0.user_id,
        m1_0.created_at,
        m1_0.email,
        m1_0.email_verified,
        m1_0.nickname,
        m1_0.password,
        m1_0.profile_image,
        m1_0.provider,
        m1_0.role,
        m1_0.username 
    from
        users m1_0 
    where
        m1_0.email=?
2025-10-26T15:39:45.094+09:00 DEBUG 41703 --- [nio-8080-exec-6] o.s.s.w.a.AnonymousAuthenticationFilter  : Set SecurityContextHolder to anonymous SecurityContext
2025-10-26T15:39:45.095+09:00 DEBUG 41703 --- [nio-8080-exec-6] o.s.s.w.session.SessionManagementFilter  : Request requested invalid session id 4F0F1D84BD1AB47E00E97ADFDACDB7A8
2025-10-26T15:39:45.096+09:00 DEBUG 41703 --- [nio-8080-exec-7] o.s.security.web.FilterChainProxy        : Securing GET /login
2025-10-26T15:39:45.097+09:00  INFO 41703 --- [nio-8080-exec-7] c.e.a.c.jwt.JwtAuthenticationFilter      : Resolved token: eyJhbGciOiJIUzI1NiJ9.eyJzdWIiOiJzb25nbWo1MDAwIiwiYXV0aCI6IlJPTEVfVVNFUiIsImV4cCI6MTc2MTU0MzM2NCwiZW1haWwiOiJzb25nbWo1MDAwIiwicm9sZSI6IlJPTEVfVVNFUiJ9.MoZWKeZyxiAbtwJpk_7ZxplUkO5u8mlvXMDX-n-TaDo
Hibernate: 
    select
        m1_0.user_id,
        m1_0.created_at,
        m1_0.email,
        m1_0.email_verified,
        m1_0.nickname,
        m1_0.password,
        m1_0.profile_image,
        m1_0.provider,
        m1_0.role,
        m1_0.username 
    from
        users m1_0 
    where
        m1_0.email=?
2025-10-26T15:39:45.101+09:00 DEBUG 41703 --- [nio-8080-exec-7] o.s.s.w.a.AnonymousAuthenticationFilter  : Set SecurityContextHolder to anonymous SecurityContext
2025-10-26T15:39:45.101+09:00 DEBUG 41703 --- [nio-8080-exec-7] o.s.s.w.session.SessionManagementFilter  : Request requested invalid session id 4F0F1D84BD1AB47E00E97ADFDACDB7A8
2025-10-26T15:39:45.101+09:00 DEBUG 41703 --- [nio-8080-exec-7] o.s.security.web.FilterChainProxy        : Secured GET /login
2025-10-26T15:42:18.544+09:00  WARN 41703 --- [l-1:housekeeper] com.zaxxer.hikari.pool.HikariPool        : HikariPool-1 - Thread starvation or clock leap detected (housekeeper delta=58s156ms).
2025-10-26T15:58:16.623+09:00  WARN 41703 --- [l-1:housekeeper] com.zaxxer.hikari.pool.HikariPool        : HikariPool-1 - Thread starvation or clock leap detected (housekeeper delta=15m28s64ms).
2025-10-26T16:04:23.381+09:00  WARN 41703 --- [l-1:housekeeper] com.zaxxer.hikari.pool.HikariPool        : HikariPool-1 - Thread starvation or clock leap detected (housekeeper delta=2m6s714ms).
2025-10-26T16:21:14.293+09:00  WARN 41703 --- [l-1:housekeeper] com.zaxxer.hikari.pool.HikariPool        : HikariPool-1 - Thread starvation or clock leap detected (housekeeper delta=16m20s905ms).
2025-10-26T16:38:35.189+09:00  WARN 41703 --- [l-1:housekeeper] com.zaxxer.hikari.pool.HikariPool        : HikariPool-1 - Thread starvation or clock leap detected (housekeeper delta=16m50s886ms).
2025-10-26T16:54:05.424+09:00  WARN 41703 --- [l-1:housekeeper] com.zaxxer.hikari.pool.HikariPool        : HikariPool-1 - Thread starvation or clock leap detected (housekeeper delta=15m30s235ms).
2025-10-26T18:00:59.199+09:00  WARN 41703 --- [l-1:housekeeper] com.zaxxer.hikari.pool.HikariPool        : HikariPool-1 - Thread starvation or clock leap detected (housekeeper delta=6m53s32ms).
2025-10-26T18:03:27.529+09:00  WARN 41703 --- [l-1:housekeeper] com.zaxxer.hikari.pool.HikariPool        : HikariPool-1 - Thread starvation or clock leap detected (housekeeper delta=58s306ms).
2025-10-26T18:04:57.287+09:00  WARN 41703 --- [l-1:housekeeper] com.zaxxer.hikari.pool.HikariPool        : HikariPool-1 - Thread starvation or clock leap detected (housekeeper delta=1m29s757ms).
